
ipq8065-sqrbug:     file format elf32-littlearm


Disassembly of section .interp:

00000114 <.interp>:
 114:	62696c2f 	rsbvs	r6, r9, #12032	; 0x2f00
 118:	2d646c2f 	stclcs	12, cr6, [r4, #-188]!	; 0xffffff44
 11c:	6c73756d 	cfldr64vs	mvdx7, [r3], #-436	; 0xfffffe4c
 120:	6d72612d 	ldfvse	f6, [r2, #-180]!	; 0xffffff4c
 124:	732e6668 			; <UNDEFINED> instruction: 0x732e6668
 128:	00312e6f 	eorseq	r2, r1, pc, ror #28

Disassembly of section .hash:

0000012c <.hash>:
 12c:	00000011 	andeq	r0, r0, r1, lsl r0
 130:	00000015 	andeq	r0, r0, r5, lsl r0
 134:	00000000 	andeq	r0, r0, r0
 138:	00000009 	andeq	r0, r0, r9
 13c:	0000000d 	andeq	r0, r0, sp
 140:	00000000 	andeq	r0, r0, r0
 144:	0000000e 	andeq	r0, r0, lr
 148:	00000000 	andeq	r0, r0, r0
 14c:	00000006 	andeq	r0, r0, r6
 150:	00000011 	andeq	r0, r0, r1, lsl r0
 154:	0000000f 	andeq	r0, r0, pc
 158:	00000012 	andeq	r0, r0, r2, lsl r0
 15c:	00000004 	andeq	r0, r0, r4
 160:	00000005 	andeq	r0, r0, r5
 164:	00000000 	andeq	r0, r0, r0
 168:	00000010 	andeq	r0, r0, r0, lsl r0
 16c:	00000003 	andeq	r0, r0, r3
 170:	0000000a 	andeq	r0, r0, sl
	...
 1a8:	0000000b 	andeq	r0, r0, fp
 1ac:	0000000c 	andeq	r0, r0, ip
 1b0:	00000008 	andeq	r0, r0, r8
 1b4:	00000014 	andeq	r0, r0, r4, lsl r0
	...
 1c0:	00000013 	andeq	r0, r0, r3, lsl r0
 1c4:	00000000 	andeq	r0, r0, r0
 1c8:	00000007 	andeq	r0, r0, r7

Disassembly of section .gnu.hash:

000001cc <.gnu.hash>:
 1cc:	00000002 	andeq	r0, r0, r2
 1d0:	00000013 	andeq	r0, r0, r3, lsl r0
 1d4:	00000001 	andeq	r0, r0, r1
 1d8:	00000005 	andeq	r0, r0, r5
 1dc:	81002400 	tsthi	r0, r0, lsl #8
 1e0:	00000013 	andeq	r0, r0, r3, lsl r0
 1e4:	00000000 	andeq	r0, r0, r0
 1e8:	0ef18db8 	mrceq	13, 7, r8, cr1, cr8, {5}
 1ec:	0eefd3eb 	cdpeq	3, 14, cr13, cr15, cr11, {7}

Disassembly of section .dynsym:

000001f0 <.dynsym>:
	...
 204:	000004e4 	andeq	r0, r0, r4, ror #9
 208:	00000000 	andeq	r0, r0, r0
 20c:	00080003 	andeq	r0, r8, r3
 210:	00000000 	andeq	r0, r0, r0
 214:	00011000 	andeq	r1, r1, r0
 218:	00000000 	andeq	r0, r0, r0
 21c:	00120003 	andseq	r0, r2, r3
 220:	00000079 	andeq	r0, r0, r9, ror r0
	...
 22c:	00000012 	andeq	r0, r0, r2, lsl r0
 230:	00000089 	andeq	r0, r0, r9, lsl #1
	...
 23c:	00000012 	andeq	r0, r0, r2, lsl r0
 240:	0000009e 	muleq	r0, lr, r0
	...
 24c:	00000011 	andeq	r0, r0, r1, lsl r0
 250:	00000097 	muleq	r0, r7, r0
	...
 25c:	00000012 	andeq	r0, r0, r2, lsl r0
 260:	0000000f 	andeq	r0, r0, pc
	...
 26c:	00000012 	andeq	r0, r0, r2, lsl r0
 270:	0000006e 	andeq	r0, r0, lr, rrx
	...
 27c:	00000012 	andeq	r0, r0, r2, lsl r0
 280:	00000016 	andeq	r0, r0, r6, lsl r0
	...
 28c:	00000022 	andeq	r0, r0, r2, lsr #32
 290:	00000067 	andeq	r0, r0, r7, rrx
	...
 29c:	00000012 	andeq	r0, r0, r2, lsl r0
 2a0:	00000025 	andeq	r0, r0, r5, lsr #32
	...
 2ac:	00000020 	andeq	r0, r0, r0, lsr #32
 2b0:	00000073 	andeq	r0, r0, r3, ror r0
	...
 2bc:	00000011 	andeq	r0, r0, r1, lsl r0
 2c0:	00000090 	muleq	r0, r0, r0
	...
 2cc:	00000012 	andeq	r0, r0, r2, lsl r0
 2d0:	00000081 	andeq	r0, r0, r1, lsl #1
	...
 2dc:	00000012 	andeq	r0, r0, r2, lsl r0
 2e0:	000000b7 	strheq	r0, [r0], -r7
	...
 2ec:	00000012 	andeq	r0, r0, r2, lsl r0
 2f0:	000000a5 	andeq	r0, r0, r5, lsr #1
	...
 2fc:	00000012 	andeq	r0, r0, r2, lsl r0
 300:	000000c9 	andeq	r0, r0, r9, asr #1
	...
 30c:	00000012 	andeq	r0, r0, r2, lsl r0
 310:	0000003d 	andeq	r0, r0, sp, lsr r0
	...
 31c:	00000020 	andeq	r0, r0, r0, lsr #32
 320:	00000059 	andeq	r0, r0, r9, asr r0
 324:	000004e4 	andeq	r0, r0, r4, ror #9
 328:	00000004 	andeq	r0, r0, r4
 32c:	00080012 	andeq	r0, r8, r2, lsl r0
 330:	00000053 	andeq	r0, r0, r3, asr r0
 334:	00000a7c 	andeq	r0, r0, ip, ror sl
 338:	00000004 	andeq	r0, r0, r4
 33c:	000b0012 	andeq	r0, fp, r2, lsl r0

Disassembly of section .dynstr:

00000340 <.dynstr>:
 340:	62696c00 	rsbvs	r6, r9, #0, 24
 344:	5f636367 	svcpl	0x00636367
 348:	6f732e73 	svcvs	0x00732e73
 34c:	6d00312e 	stfvss	f3, [r0, #-184]	; 0xffffff48
 350:	70636d65 	rsbvc	r6, r3, r5, ror #26
 354:	5f5f0079 	svcpl	0x005f0079
 358:	5f617863 	svcpl	0x00617863
 35c:	616e6966 	cmnvs	lr, r6, ror #18
 360:	657a696c 	ldrbvs	r6, [sl, #-2412]!	; 0xfffff694
 364:	645f5f00 	ldrbvs	r5, [pc], #-3840	; 36c <_init-0x178>
 368:	67657265 	strbvs	r7, [r5, -r5, ror #4]!
 36c:	65747369 	ldrbvs	r7, [r4, #-873]!	; 0xfffffc97
 370:	72665f72 	rsbvc	r5, r6, #456	; 0x1c8
 374:	5f656d61 	svcpl	0x00656d61
 378:	6f666e69 	svcvs	0x00666e69
 37c:	725f5f00 	subsvc	r5, pc, #0, 30
 380:	73696765 	cmnvc	r9, #26476544	; 0x1940000
 384:	5f726574 	svcpl	0x00726574
 388:	6d617266 	sfmvs	f7, 2, [r1, #-408]!	; 0xfffffe68
 38c:	6e695f65 	cdpvs	15, 6, cr5, cr9, cr5, {3}
 390:	5f006f66 	svcpl	0x00006f66
 394:	696e6966 	stmdbvs	lr!, {r1, r2, r5, r6, r8, fp, sp, lr}^
 398:	6e695f00 	cdpvs	15, 6, cr5, cr9, cr0, {0}
 39c:	6c007469 	cfstrsvs	mvf7, [r0], {105}	; 0x69
 3a0:	2e636269 	cdpcs	2, 6, cr6, cr3, cr9, {3}
 3a4:	66006f73 			; <UNDEFINED> instruction: 0x66006f73
 3a8:	73756c66 	cmnvc	r5, #26112	; 0x6600
 3ac:	75700068 	ldrbvc	r0, [r0, #-104]!	; 0xffffff98
 3b0:	73007374 	movwvc	r7, #884	; 0x374
 3b4:	6e696474 	mcrvs	4, 3, r6, cr9, cr4, {3}
 3b8:	74757000 	ldrbtvc	r7, [r5], #-0
 3bc:	72616863 	rsbvc	r6, r1, #6488064	; 0x630000
 3c0:	74656700 	strbtvc	r6, [r5], #-1792	; 0xfffff900
 3c4:	72616863 	rsbvc	r6, r1, #6488064	; 0x630000
 3c8:	69727000 	ldmdbvs	r2!, {ip, sp, lr}^
 3cc:	0066746e 	rsbeq	r7, r6, lr, ror #8
 3d0:	636d656d 	cmnvs	sp, #457179136	; 0x1b400000
 3d4:	6700706d 	strvs	r7, [r0, -sp, rrx]
 3d8:	69707465 	ldmdbvs	r0!, {r0, r2, r5, r6, sl, ip, sp, lr}^
 3dc:	74730064 	ldrbtvc	r0, [r3], #-100	; 0xffffff9c
 3e0:	74756f64 	ldrbtvc	r6, [r5], #-3940	; 0xfffff09c
 3e4:	68637300 	stmdavs	r3!, {r8, r9, ip, sp, lr}^
 3e8:	735f6465 	cmpvc	pc, #1694498816	; 0x65000000
 3ec:	66617465 	strbtvs	r7, [r1], -r5, ror #8
 3f0:	696e6966 	stmdbvs	lr!, {r1, r2, r5, r6, r8, fp, sp, lr}^
 3f4:	73007974 	movwvc	r7, #2420	; 0x974
 3f8:	64656863 	strbtvs	r6, [r5], #-2147	; 0xfffff79d
 3fc:	7465675f 	strbtvc	r6, [r5], #-1887	; 0xfffff8a1
 400:	69666661 	stmdbvs	r6!, {r0, r5, r6, r9, sl, sp, lr}^
 404:	7974696e 	ldmdbvc	r4!, {r1, r2, r3, r5, r6, r8, fp, sp, lr}^
 408:	6c5f5f00 	mrrcvs	15, 0, r5, pc, cr0	; <UNPREDICTABLE>
 40c:	5f636269 	svcpl	0x00636269
 410:	72617473 	rsbvc	r7, r1, #1929379840	; 0x73000000
 414:	616d5f74 	smcvs	54772	; 0xd5f4
 418:	Address 0x0000000000000418 is out of bounds.


Disassembly of section .rel.dyn:

0000041c <.rel.dyn>:
 41c:	00010ea4 	andeq	r0, r1, r4, lsr #29
 420:	00000017 	andeq	r0, r0, r7, lsl r0
 424:	00010ea8 	andeq	r0, r1, r8, lsr #29
 428:	00000017 	andeq	r0, r0, r7, lsl r0
 42c:	00010fe8 	andeq	r0, r1, r8, ror #31
 430:	00000017 	andeq	r0, r0, r7, lsl r0
 434:	00010ff4 	strdeq	r0, [r1], -r4
 438:	00000017 	andeq	r0, r0, r7, lsl r0
 43c:	00010ff8 	strdeq	r0, [r1], -r8
 440:	00000017 	andeq	r0, r0, r7, lsl r0
 444:	00011000 	andeq	r1, r1, r0
 448:	00000017 	andeq	r0, r0, r7, lsl r0
 44c:	00010fe0 	andeq	r0, r1, r0, ror #31
 450:	00000515 	andeq	r0, r0, r5, lsl r5
 454:	00010fe4 	andeq	r0, r1, r4, ror #31
 458:	00000915 	andeq	r0, r0, r5, lsl r9
 45c:	00010fec 	andeq	r0, r1, ip, ror #31
 460:	00000b15 	andeq	r0, r0, r5, lsl fp
 464:	00010ff0 	strdeq	r0, [r1], -r0	; <UNPREDICTABLE>
 468:	00000c15 	andeq	r0, r0, r5, lsl ip
 46c:	00010ffc 	strdeq	r0, [r1], -ip
 470:	00001215 	andeq	r1, r0, r5, lsl r2

Disassembly of section .rel.plt:

00000474 <.rel.plt>:
 474:	00010fa8 	andeq	r0, r1, r8, lsr #31
 478:	00000316 	andeq	r0, r0, r6, lsl r3
 47c:	00010fac 	andeq	r0, r1, ip, lsr #31
 480:	00000416 	andeq	r0, r0, r6, lsl r4
 484:	00010fb0 			; <UNDEFINED> instruction: 0x00010fb0
 488:	00000616 	andeq	r0, r0, r6, lsl r6
 48c:	00010fb4 			; <UNDEFINED> instruction: 0x00010fb4
 490:	00000716 	andeq	r0, r0, r6, lsl r7
 494:	00010fb8 			; <UNDEFINED> instruction: 0x00010fb8
 498:	00000816 	andeq	r0, r0, r6, lsl r8
 49c:	00010fbc 			; <UNDEFINED> instruction: 0x00010fbc
 4a0:	00000916 	andeq	r0, r0, r6, lsl r9
 4a4:	00010fc0 	andeq	r0, r1, r0, asr #31
 4a8:	00000a16 	andeq	r0, r0, r6, lsl sl
 4ac:	00010fc4 	andeq	r0, r1, r4, asr #31
 4b0:	00000b16 	andeq	r0, r0, r6, lsl fp
 4b4:	00010fc8 	andeq	r0, r1, r8, asr #31
 4b8:	00000d16 	andeq	r0, r0, r6, lsl sp
 4bc:	00010fcc 	andeq	r0, r1, ip, asr #31
 4c0:	00000e16 	andeq	r0, r0, r6, lsl lr
 4c4:	00010fd0 	ldrdeq	r0, [r1], -r0	; <UNPREDICTABLE>
 4c8:	00000f16 	andeq	r0, r0, r6, lsl pc
 4cc:	00010fd4 	ldrdeq	r0, [r1], -r4
 4d0:	00001016 	andeq	r1, r0, r6, lsl r0
 4d4:	00010fd8 	ldrdeq	r0, [r1], -r8
 4d8:	00001116 	andeq	r1, r0, r6, lsl r1
 4dc:	00010fdc 	ldrdeq	r0, [r1], -ip
 4e0:	00001216 	andeq	r1, r0, r6, lsl r2

Disassembly of section .init:

000004e4 <_init>:
 4e4:	e92d4001 	push	{r0, lr}
 4e8:	e8bd4001 	pop	{r0, lr}
 4ec:	e12fff1e 	bx	lr

Disassembly of section .plt:

000004f0 <.plt>:
 4f0:	e52de004 	push	{lr}		; (str lr, [sp, #-4]!)
 4f4:	e59fe004 	ldr	lr, [pc, #4]	; 500 <.plt+0x10>
 4f8:	e08fe00e 	add	lr, pc, lr
 4fc:	e5bef008 	ldr	pc, [lr, #8]!
 500:	00010a9c 	muleq	r1, ip, sl

00000504 <putchar@plt>:
 504:	e28fc600 	add	ip, pc, #0, 12
 508:	e28cca10 	add	ip, ip, #16, 20	; 0x10000
 50c:	e5bcfa9c 	ldr	pc, [ip, #2716]!	; 0xa9c

00000510 <printf@plt>:
 510:	e28fc600 	add	ip, pc, #0, 12
 514:	e28cca10 	add	ip, ip, #16, 20	; 0x10000
 518:	e5bcfa94 	ldr	pc, [ip, #2708]!	; 0xa94

0000051c <getpid@plt>:
 51c:	e28fc600 	add	ip, pc, #0, 12
 520:	e28cca10 	add	ip, ip, #16, 20	; 0x10000
 524:	e5bcfa8c 	ldr	pc, [ip, #2700]!	; 0xa8c

00000528 <memcpy@plt>:
 528:	e28fc600 	add	ip, pc, #0, 12
 52c:	e28cca10 	add	ip, ip, #16, 20	; 0x10000
 530:	e5bcfa84 	ldr	pc, [ip, #2692]!	; 0xa84

00000534 <puts@plt>:
 534:	e28fc600 	add	ip, pc, #0, 12
 538:	e28cca10 	add	ip, ip, #16, 20	; 0x10000
 53c:	e5bcfa7c 	ldr	pc, [ip, #2684]!	; 0xa7c

00000540 <__cxa_finalize@plt>:
 540:	e28fc600 	add	ip, pc, #0, 12
 544:	e28cca10 	add	ip, ip, #16, 20	; 0x10000
 548:	e5bcfa74 	ldr	pc, [ip, #2676]!	; 0xa74

0000054c <fflush@plt>:
 54c:	e28fc600 	add	ip, pc, #0, 12
 550:	e28cca10 	add	ip, ip, #16, 20	; 0x10000
 554:	e5bcfa6c 	ldr	pc, [ip, #2668]!	; 0xa6c

00000558 <__deregister_frame_info@plt>:
 558:	e28fc600 	add	ip, pc, #0, 12
 55c:	e28cca10 	add	ip, ip, #16, 20	; 0x10000
 560:	e5bcfa64 	ldr	pc, [ip, #2660]!	; 0xa64

00000564 <memcmp@plt>:
 564:	e28fc600 	add	ip, pc, #0, 12
 568:	e28cca10 	add	ip, ip, #16, 20	; 0x10000
 56c:	e5bcfa5c 	ldr	pc, [ip, #2652]!	; 0xa5c

00000570 <getchar@plt>:
 570:	e28fc600 	add	ip, pc, #0, 12
 574:	e28cca10 	add	ip, ip, #16, 20	; 0x10000
 578:	e5bcfa54 	ldr	pc, [ip, #2644]!	; 0xa54

0000057c <sched_getaffinity@plt>:
 57c:	e28fc600 	add	ip, pc, #0, 12
 580:	e28cca10 	add	ip, ip, #16, 20	; 0x10000
 584:	e5bcfa4c 	ldr	pc, [ip, #2636]!	; 0xa4c

00000588 <sched_setaffinity@plt>:
 588:	e28fc600 	add	ip, pc, #0, 12
 58c:	e28cca10 	add	ip, ip, #16, 20	; 0x10000
 590:	e5bcfa44 	ldr	pc, [ip, #2628]!	; 0xa44

00000594 <__libc_start_main@plt>:
 594:	e28fc600 	add	ip, pc, #0, 12
 598:	e28cca10 	add	ip, ip, #16, 20	; 0x10000
 59c:	e5bcfa3c 	ldr	pc, [ip, #2620]!	; 0xa3c

000005a0 <__register_frame_info@plt>:
 5a0:	e28fc600 	add	ip, pc, #0, 12
 5a4:	e28cca10 	add	ip, ip, #16, 20	; 0x10000
 5a8:	e5bcfa34 	ldr	pc, [ip, #2612]!	; 0xa34

Disassembly of section .text:

000005ac <main>:
 5ac:	ea000052 	b	6fc <do_sqr_test>

000005b0 <_start>:
 5b0:	e3a0b000 	mov	fp, #0
 5b4:	e3a0e000 	mov	lr, #0
 5b8:	e59f1010 	ldr	r1, [pc, #16]	; 5d0 <_start+0x20>
 5bc:	e08f1001 	add	r1, pc, r1
 5c0:	e1a0000d 	mov	r0, sp
 5c4:	e3c0c00f 	bic	ip, r0, #15
 5c8:	e1a0d00c 	mov	sp, ip
 5cc:	eb000000 	bl	5d4 <_start_c>
 5d0:	000108e8 	andeq	r0, r1, r8, ror #17

000005d4 <_start_c>:
 5d4:	e92d401f 	push	{r0, r1, r2, r3, r4, lr}
 5d8:	e59f3048 	ldr	r3, [pc, #72]	; 628 <_start_c+0x54>
 5dc:	e59f2048 	ldr	r2, [pc, #72]	; 62c <_start_c+0x58>
 5e0:	e08f3003 	add	r3, pc, r3
 5e4:	e7932002 	ldr	r2, [r3, r2]
 5e8:	e58d2008 	str	r2, [sp, #8]
 5ec:	e59f203c 	ldr	r2, [pc, #60]	; 630 <_start_c+0x5c>
 5f0:	e7932002 	ldr	r2, [r3, r2]
 5f4:	e58d200c 	str	r2, [sp, #12]
 5f8:	e3a02000 	mov	r2, #0
 5fc:	e58d2004 	str	r2, [sp, #4]
 600:	e59f202c 	ldr	r2, [pc, #44]	; 634 <_start_c+0x60>
 604:	e7933002 	ldr	r3, [r3, r2]
 608:	e2802004 	add	r2, r0, #4
 60c:	e58d3000 	str	r3, [sp]
 610:	e5901000 	ldr	r1, [r0]
 614:	e59d3008 	ldr	r3, [sp, #8]
 618:	e59d000c 	ldr	r0, [sp, #12]
 61c:	ebffffdc 	bl	594 <__libc_start_main@plt>
 620:	e28dd014 	add	sp, sp, #20
 624:	e49df004 	pop	{pc}		; (ldr pc, [sp], #4)
 628:	000109b4 			; <UNDEFINED> instruction: 0x000109b4
 62c:	0000004c 	andeq	r0, r0, ip, asr #32
 630:	00000058 	andeq	r0, r0, r8, asr r0
 634:	0000005c 	andeq	r0, r0, ip, asr r0

00000638 <__do_global_dtors_aux>:
 638:	e59f3064 	ldr	r3, [pc, #100]	; 6a4 <__do_global_dtors_aux+0x6c>
 63c:	e92d4010 	push	{r4, lr}
 640:	e59f4060 	ldr	r4, [pc, #96]	; 6a8 <__do_global_dtors_aux+0x70>
 644:	e08f3003 	add	r3, pc, r3
 648:	e5d33000 	ldrb	r3, [r3]
 64c:	e08f4004 	add	r4, pc, r4
 650:	e3530000 	cmp	r3, #0
 654:	18bd8010 	popne	{r4, pc}
 658:	e59f304c 	ldr	r3, [pc, #76]	; 6ac <__do_global_dtors_aux+0x74>
 65c:	e7943003 	ldr	r3, [r4, r3]
 660:	e3530000 	cmp	r3, #0
 664:	0a000002 	beq	674 <__do_global_dtors_aux+0x3c>
 668:	e59f3040 	ldr	r3, [pc, #64]	; 6b0 <__do_global_dtors_aux+0x78>
 66c:	e79f0003 	ldr	r0, [pc, r3]
 670:	ebffffb2 	bl	540 <__cxa_finalize@plt>
 674:	e59f3038 	ldr	r3, [pc, #56]	; 6b4 <__do_global_dtors_aux+0x7c>
 678:	e7943003 	ldr	r3, [r4, r3]
 67c:	e3530000 	cmp	r3, #0
 680:	0a000002 	beq	690 <__do_global_dtors_aux+0x58>
 684:	e59f002c 	ldr	r0, [pc, #44]	; 6b8 <__do_global_dtors_aux+0x80>
 688:	e08f0000 	add	r0, pc, r0
 68c:	ebffffb1 	bl	558 <__deregister_frame_info@plt>
 690:	e59f3024 	ldr	r3, [pc, #36]	; 6bc <__do_global_dtors_aux+0x84>
 694:	e3a02001 	mov	r2, #1
 698:	e08f3003 	add	r3, pc, r3
 69c:	e5c32000 	strb	r2, [r3]
 6a0:	e8bd8010 	pop	{r4, pc}
 6a4:	000109b8 			; <UNDEFINED> instruction: 0x000109b8
 6a8:	00010948 	andeq	r0, r1, r8, asr #18
 6ac:	00000048 	andeq	r0, r0, r8, asr #32
 6b0:	0001098c 	andeq	r0, r1, ip, lsl #19
 6b4:	00000050 	andeq	r0, r0, r0, asr r0
 6b8:	00000634 	andeq	r0, r0, r4, lsr r6
 6bc:	00010964 	andeq	r0, r1, r4, ror #18

000006c0 <frame_dummy>:
 6c0:	e59f3024 	ldr	r3, [pc, #36]	; 6ec <frame_dummy+0x2c>
 6c4:	e59f2024 	ldr	r2, [pc, #36]	; 6f0 <frame_dummy+0x30>
 6c8:	e08f3003 	add	r3, pc, r3
 6cc:	e7933002 	ldr	r3, [r3, r2]
 6d0:	e3530000 	cmp	r3, #0
 6d4:	012fff1e 	bxeq	lr
 6d8:	e59f1014 	ldr	r1, [pc, #20]	; 6f4 <frame_dummy+0x34>
 6dc:	e59f0014 	ldr	r0, [pc, #20]	; 6f8 <frame_dummy+0x38>
 6e0:	e08f1001 	add	r1, pc, r1
 6e4:	e08f0000 	add	r0, pc, r0
 6e8:	eaffffac 	b	5a0 <__register_frame_info@plt>
 6ec:	000108cc 	andeq	r0, r1, ip, asr #17
 6f0:	00000060 	andeq	r0, r0, r0, rrx
 6f4:	00010920 	andeq	r0, r1, r0, lsr #18
 6f8:	000005d8 	ldrdeq	r0, [r0], -r8

000006fc <do_sqr_test>:
 6fc:	e92d47f0 	push	{r4, r5, r6, r7, r8, r9, sl, lr}
 700:	e3a00001 	mov	r0, #1
 704:	e59fa144 	ldr	sl, [pc, #324]	; 850 <do_sqr_test+0x154>
 708:	e24dde26 	sub	sp, sp, #608	; 0x260
 70c:	e3a09000 	mov	r9, #0
 710:	e59f513c 	ldr	r5, [pc, #316]	; 854 <do_sqr_test+0x158>
 714:	e59f613c 	ldr	r6, [pc, #316]	; 858 <do_sqr_test+0x15c>
 718:	e59f713c 	ldr	r7, [pc, #316]	; 85c <do_sqr_test+0x160>
 71c:	e08fa00a 	add	sl, pc, sl
 720:	e08f5005 	add	r5, pc, r5
 724:	e08f6006 	add	r6, pc, r6
 728:	eb00007a 	bl	918 <set_cpu_affinity>
 72c:	e08f7007 	add	r7, pc, r7
 730:	e3a0304a 	mov	r3, #74	; 0x4a
 734:	e3a04000 	mov	r4, #0
 738:	e28d8010 	add	r8, sp, #16
 73c:	e3a02f4a 	mov	r2, #296	; 0x128
 740:	e58d3004 	str	r3, [sp, #4]
 744:	e3a03094 	mov	r3, #148	; 0x94
 748:	e1a0100a 	mov	r1, sl
 74c:	e1a00008 	mov	r0, r8
 750:	e58d3008 	str	r3, [sp, #8]
 754:	e58d400c 	str	r4, [sp, #12]
 758:	ebffff72 	bl	528 <memcpy@plt>
 75c:	e28d1004 	add	r1, sp, #4
 760:	e1a02005 	mov	r2, r5
 764:	e1a00001 	mov	r0, r1
 768:	eb000045 	bl	884 <fast_s_mp_sqr>
 76c:	e3a02e25 	mov	r2, #592	; 0x250
 770:	e1a01006 	mov	r1, r6
 774:	e1a00005 	mov	r0, r5
 778:	ebffff79 	bl	564 <memcmp@plt>
 77c:	e3500000 	cmp	r0, #0
 780:	0a00002d 	beq	83c <do_sqr_test+0x140>
 784:	e4952004 	ldr	r2, [r5], #4
 788:	e4963004 	ldr	r3, [r6], #4
 78c:	e1520003 	cmp	r2, r3
 790:	1a000002 	bne	7a0 <do_sqr_test+0xa4>
 794:	e2844001 	add	r4, r4, #1
 798:	e3540094 	cmp	r4, #148	; 0x94
 79c:	1afffff8 	bne	784 <do_sqr_test+0x88>
 7a0:	e59f00b8 	ldr	r0, [pc, #184]	; 860 <do_sqr_test+0x164>
 7a4:	e1a03104 	lsl	r3, r4, #2
 7a8:	e1a02004 	mov	r2, r4
 7ac:	e1a01009 	mov	r1, r9
 7b0:	e59f50ac 	ldr	r5, [pc, #172]	; 864 <do_sqr_test+0x168>
 7b4:	e59f60ac 	ldr	r6, [pc, #172]	; 868 <do_sqr_test+0x16c>
 7b8:	e08f0000 	add	r0, pc, r0
 7bc:	ebffff53 	bl	510 <printf@plt>
 7c0:	e59f00a4 	ldr	r0, [pc, #164]	; 86c <do_sqr_test+0x170>
 7c4:	e08f5005 	add	r5, pc, r5
 7c8:	e08f6006 	add	r6, pc, r6
 7cc:	e1a03008 	mov	r3, r8
 7d0:	e7952104 	ldr	r2, [r5, r4, lsl #2]
 7d4:	e7961104 	ldr	r1, [r6, r4, lsl #2]
 7d8:	e08f0000 	add	r0, pc, r0
 7dc:	ebffff4b 	bl	510 <printf@plt>
 7e0:	e59f0088 	ldr	r0, [pc, #136]	; 870 <do_sqr_test+0x174>
 7e4:	e1a03004 	mov	r3, r4
 7e8:	e3a02e25 	mov	r2, #592	; 0x250
 7ec:	e1a01006 	mov	r1, r6
 7f0:	e08f0000 	add	r0, pc, r0
 7f4:	eb000064 	bl	98c <hex_dump_32bit>
 7f8:	e59f0074 	ldr	r0, [pc, #116]	; 874 <do_sqr_test+0x178>
 7fc:	e3a02e25 	mov	r2, #592	; 0x250
 800:	e1a01005 	mov	r1, r5
 804:	e1a03004 	mov	r3, r4
 808:	e08f0000 	add	r0, pc, r0
 80c:	eb00005e 	bl	98c <hex_dump_32bit>
 810:	e59f0060 	ldr	r0, [pc, #96]	; 878 <do_sqr_test+0x17c>
 814:	e08f0000 	add	r0, pc, r0
 818:	ebffff45 	bl	534 <puts@plt>
 81c:	e59f3058 	ldr	r3, [pc, #88]	; 87c <do_sqr_test+0x180>
 820:	e7973003 	ldr	r3, [r7, r3]
 824:	e5930000 	ldr	r0, [r3]
 828:	ebffff47 	bl	54c <fflush@plt>
 82c:	ebffff4f 	bl	570 <getchar@plt>
 830:	e3a00001 	mov	r0, #1
 834:	e28dde26 	add	sp, sp, #608	; 0x260
 838:	e8bd87f0 	pop	{r4, r5, r6, r7, r8, r9, sl, pc}
 83c:	e59f303c 	ldr	r3, [pc, #60]	; 880 <do_sqr_test+0x184>
 840:	e2899001 	add	r9, r9, #1
 844:	e1590003 	cmp	r9, r3
 848:	1affffb8 	bne	730 <do_sqr_test+0x34>
 84c:	eafffff8 	b	834 <do_sqr_test+0x138>
 850:	00000364 	andeq	r0, r0, r4, ror #6
 854:	00010b48 	andeq	r0, r1, r8, asr #22
 858:	000108f4 	strdeq	r0, [r1], -r4
 85c:	00010868 	andeq	r0, r1, r8, ror #16
 860:	000003f0 	strdeq	r0, [r0], -r0	; <UNPREDICTABLE>
 864:	00010aa4 	andeq	r0, r1, r4, lsr #21
 868:	00010850 	andeq	r0, r1, r0, asr r8
 86c:	0000041d 	andeq	r0, r0, sp, lsl r4
 870:	00000441 	andeq	r0, r0, r1, asr #8
 874:	00000439 	andeq	r0, r0, r9, lsr r4
 878:	0000043b 	andeq	r0, r0, fp, lsr r4
 87c:	00000054 	andeq	r0, r0, r4, asr r0
 880:	0007a120 	andeq	sl, r7, r0, lsr #2

00000884 <fast_s_mp_sqr>:
 884:	e92d43f0 	push	{r4, r5, r6, r7, r8, r9, lr}
 888:	e1a04000 	mov	r4, r0
 88c:	e494500c 	ldr	r5, [r4], #12
 890:	e3a0c000 	mov	ip, #0
 894:	e1a05085 	lsl	r5, r5, #1
 898:	e15c0005 	cmp	ip, r5
 89c:	a8bd83f0 	popge	{r4, r5, r6, r7, r8, r9, pc}
 8a0:	e590e000 	ldr	lr, [r0]
 8a4:	e24e1001 	sub	r1, lr, #1
 8a8:	e151000c 	cmp	r1, ip
 8ac:	a1a0100c 	movge	r1, ip
 8b0:	e2813001 	add	r3, r1, #1
 8b4:	e04c6001 	sub	r6, ip, r1
 8b8:	e0847101 	add	r7, r4, r1, lsl #2
 8bc:	e041100c 	sub	r1, r1, ip
 8c0:	e08ee001 	add	lr, lr, r1
 8c4:	e15e0003 	cmp	lr, r3
 8c8:	e0846106 	add	r6, r4, r6, lsl #2
 8cc:	a1a0e003 	movge	lr, r3
 8d0:	e0833001 	add	r3, r3, r1
 8d4:	e1a030c3 	asr	r3, r3, #1
 8d8:	e153000e 	cmp	r3, lr
 8dc:	a1a0300e 	movge	r3, lr
 8e0:	e320f000 	nop	{0}
 8e4:	e3a01000 	mov	r1, #0
 8e8:	e1a0e001 	mov	lr, r1
 8ec:	e15e0003 	cmp	lr, r3
 8f0:	a782110c 	strge	r1, [r2, ip, lsl #2]
 8f4:	a28cc001 	addge	ip, ip, #1
 8f8:	aaffffe6 	bge	898 <fast_s_mp_sqr+0x14>
 8fc:	e796810e 	ldr	r8, [r6, lr, lsl #2]
 900:	e28ee001 	add	lr, lr, #1
 904:	e4179004 	ldr	r9, [r7], #-4
 908:	e1888009 	orr	r8, r8, r9
 90c:	e1811008 	orr	r1, r1, r8
 910:	eafffff5 	b	8ec <fast_s_mp_sqr+0x68>
 914:	e12fff1e 	bx	lr

00000918 <set_cpu_affinity>:
 918:	e92d4070 	push	{r4, r5, r6, lr}
 91c:	e24dd080 	sub	sp, sp, #128	; 0x80
 920:	e1a0400d 	mov	r4, sp
 924:	e1a06000 	mov	r6, r0
 928:	ebfffefb 	bl	51c <getpid@plt>
 92c:	e1a02004 	mov	r2, r4
 930:	e3a01080 	mov	r1, #128	; 0x80
 934:	e1a05000 	mov	r5, r0
 938:	ebffff0f 	bl	57c <sched_getaffinity@plt>
 93c:	e3500000 	cmp	r0, #0
 940:	1a00000c 	bne	978 <set_cpu_affinity+0x60>
 944:	e1a02004 	mov	r2, r4
 948:	e3a01080 	mov	r1, #128	; 0x80
 94c:	e58d6000 	str	r6, [sp]
 950:	e1a00005 	mov	r0, r5
 954:	ebffff0b 	bl	588 <sched_setaffinity@plt>
 958:	e3500000 	cmp	r0, #0
 95c:	0a000003 	beq	970 <set_cpu_affinity+0x58>
 960:	e59f001c 	ldr	r0, [pc, #28]	; 984 <set_cpu_affinity+0x6c>
 964:	e08f0000 	add	r0, pc, r0
 968:	ebfffef1 	bl	534 <puts@plt>
 96c:	e3a00001 	mov	r0, #1
 970:	e28dd080 	add	sp, sp, #128	; 0x80
 974:	e8bd8070 	pop	{r4, r5, r6, pc}
 978:	e59f0008 	ldr	r0, [pc, #8]	; 988 <set_cpu_affinity+0x70>
 97c:	e08f0000 	add	r0, pc, r0
 980:	eafffff8 	b	968 <set_cpu_affinity+0x50>
 984:	00000321 	andeq	r0, r0, r1, lsr #6
 988:	00000324 	andeq	r0, r0, r4, lsr #6

0000098c <hex_dump_32bit>:
 98c:	e92d4ff1 	push	{r0, r4, r5, r6, r7, r8, r9, sl, fp, lr}
 990:	e1a07001 	mov	r7, r1
 994:	e1a01000 	mov	r1, r0
 998:	e59f00c0 	ldr	r0, [pc, #192]	; a60 <hex_dump_32bit+0xd4>
 99c:	e1a04002 	mov	r4, r2
 9a0:	e59f90bc 	ldr	r9, [pc, #188]	; a64 <hex_dump_32bit+0xd8>
 9a4:	e2845003 	add	r5, r4, #3
 9a8:	e1a08003 	mov	r8, r3
 9ac:	e59fa0b4 	ldr	sl, [pc, #180]	; a68 <hex_dump_32bit+0xdc>
 9b0:	e59fb0b4 	ldr	fp, [pc, #180]	; a6c <hex_dump_32bit+0xe0>
 9b4:	e08f0000 	add	r0, pc, r0
 9b8:	e59f60b0 	ldr	r6, [pc, #176]	; a70 <hex_dump_32bit+0xe4>
 9bc:	ebfffed3 	bl	510 <printf@plt>
 9c0:	e3540000 	cmp	r4, #0
 9c4:	e08f9009 	add	r9, pc, r9
 9c8:	b1a04005 	movlt	r4, r5
 9cc:	e08fa00a 	add	sl, pc, sl
 9d0:	e1a05144 	asr	r5, r4, #2
 9d4:	e08fb00b 	add	fp, pc, fp
 9d8:	e3a04000 	mov	r4, #0
 9dc:	e08f6006 	add	r6, pc, r6
 9e0:	e1550004 	cmp	r5, r4
 9e4:	ca000007 	bgt	a08 <hex_dump_32bit+0x7c>
 9e8:	e3a0000a 	mov	r0, #10
 9ec:	ebfffec4 	bl	504 <putchar@plt>
 9f0:	e59f307c 	ldr	r3, [pc, #124]	; a74 <hex_dump_32bit+0xe8>
 9f4:	e7963003 	ldr	r3, [r6, r3]
 9f8:	e5930000 	ldr	r0, [r3]
 9fc:	e28dd004 	add	sp, sp, #4
 a00:	e8bd4ff0 	pop	{r4, r5, r6, r7, r8, r9, sl, fp, lr}
 a04:	eafffed0 	b	54c <fflush@plt>
 a08:	e2143007 	ands	r3, r4, #7
 a0c:	1a00000e 	bne	a4c <hex_dump_32bit+0xc0>
 a10:	e3540000 	cmp	r4, #0
 a14:	0a000001 	beq	a20 <hex_dump_32bit+0x94>
 a18:	e3a0000a 	mov	r0, #10
 a1c:	ebfffeb8 	bl	504 <putchar@plt>
 a20:	e1a01104 	lsl	r1, r4, #2
 a24:	e1a00009 	mov	r0, r9
 a28:	ebfffeb8 	bl	510 <printf@plt>
 a2c:	e1540008 	cmp	r4, r8
 a30:	e7971104 	ldr	r1, [r7, r4, lsl #2]
 a34:	11a0000b 	movne	r0, fp
 a38:	059f0038 	ldreq	r0, [pc, #56]	; a78 <hex_dump_32bit+0xec>
 a3c:	008f0000 	addeq	r0, pc, r0
 a40:	ebfffeb2 	bl	510 <printf@plt>
 a44:	e2844001 	add	r4, r4, #1
 a48:	eaffffe4 	b	9e0 <hex_dump_32bit+0x54>
 a4c:	e3530004 	cmp	r3, #4
 a50:	1afffff5 	bne	a2c <hex_dump_32bit+0xa0>
 a54:	e1a0000a 	mov	r0, sl
 a58:	ebfffeac 	bl	510 <printf@plt>
 a5c:	eafffff2 	b	a2c <hex_dump_32bit+0xa0>
 a60:	000002b5 			; <UNDEFINED> instruction: 0x000002b5
 a64:	000002aa 	andeq	r0, r0, sl, lsr #5
 a68:	000002aa 	andeq	r0, r0, sl, lsr #5
 a6c:	000002ab 	andeq	r0, r0, fp, lsr #5
 a70:	000105b8 			; <UNDEFINED> instruction: 0x000105b8
 a74:	00000044 	andeq	r0, r0, r4, asr #32
 a78:	0000023d 	andeq	r0, r0, sp, lsr r2

Disassembly of section .fini:

00000a7c <_fini>:
 a7c:	e92d4001 	push	{r0, lr}
 a80:	e8bd4001 	pop	{r0, lr}
 a84:	e12fff1e 	bx	lr

Disassembly of section .rodata:

00000a88 <MpIntInputDigits>:
	...
 bb0:	38717069 	ldmdacc	r1!, {r0, r3, r5, r6, ip, sp, lr}^
 bb4:	2d353630 	ldccs	6, cr3, [r5, #-192]!	; 0xffffff40
 bb8:	62727173 	rsbsvs	r7, r2, #-1073741796	; 0xc000001c
 bbc:	203a6775 	eorscs	r6, sl, r5, ror r7
 bc0:	6d73694d 			; <UNDEFINED> instruction: 0x6d73694d
 bc4:	68637461 	stmdavs	r3!, {r0, r5, r6, sl, ip, sp, lr}^
 bc8:	206e6f20 	rsbcs	r6, lr, r0, lsr #30
 bcc:	72657449 	rsbvc	r7, r5, #1224736768	; 0x49000000
 bd0:	6f697461 	svcvs	0x00697461
 bd4:	6425206e 	strtvs	r2, [r5], #-110	; 0xffffff92
 bd8:	49202d20 	stmdbmi	r0!, {r5, r8, sl, fp, sp}
 bdc:	7865646e 	stmdavc	r5!, {r1, r2, r3, r5, r6, sl, sp, lr}^
 be0:	25203d20 	strcs	r3, [r0, #-3360]!	; 0xfffff2e0
 be4:	42202c64 	eormi	r2, r0, #100, 24	; 0x6400
 be8:	20657479 	rsbcs	r7, r5, r9, ror r4
 bec:	7366664f 	cmnvc	r6, #82837504	; 0x4f00000
 bf0:	3d207465 	cfstrscc	mvf7, [r0, #-404]!	; 0xfffffe6c
 bf4:	25783020 	ldrbcs	r3, [r8, #-32]!	; 0xffffffe0
 bf8:	0a783430 	beq	1e0dcc0 <__bss_end__+0x1dfc800>
 bfc:	70784500 	rsbsvc	r4, r8, r0, lsl #10
 c00:	65746365 	ldrbvs	r6, [r4, #-869]!	; 0xfffffc9b
 c04:	6f572064 	svcvs	0x00572064
 c08:	3d206472 	cfstrscc	mvf6, [r0, #-456]!	; 0xfffffe38
 c0c:	25783020 	ldrbcs	r3, [r8, #-32]!	; 0xffffffe0
 c10:	2c783830 	ldclcs	8, cr3, [r8], #-192	; 0xffffff40
 c14:	74634120 	strbtvc	r4, [r3], #-288	; 0xfffffee0
 c18:	206c6175 	rsbcs	r6, ip, r5, ror r1
 c1c:	64726f57 	ldrbtvs	r6, [r2], #-3927	; 0xfffff0a9
 c20:	30203d20 	eorcc	r3, r0, r0, lsr #26
 c24:	38302578 	ldmdacc	r0!, {r3, r4, r5, r6, r8, sl, sp}
 c28:	26202c78 			; <UNDEFINED> instruction: 0x26202c78
 c2c:	70642e61 	rsbvc	r2, r4, r1, ror #28
 c30:	2578303d 	ldrbcs	r3, [r8, #-61]!	; 0xffffffc3
 c34:	0a783830 	beq	1e0ecfc <__bss_end__+0x1dfd83c>
 c38:	70784500 	rsbsvc	r4, r8, r0, lsl #10
 c3c:	65746365 	ldrbvs	r6, [r4, #-869]!	; 0xfffffc9b
 c40:	65522064 	ldrbvs	r2, [r2, #-100]	; 0xffffff9c
 c44:	746c7573 	strbtvc	r7, [ip], #-1395	; 0xfffffa8d
 c48:	74634100 	strbtvc	r4, [r3], #-256	; 0xffffff00
 c4c:	206c6175 	rsbcs	r6, ip, r5, ror r1
 c50:	75736552 	ldrbvc	r6, [r3, #-1362]!	; 0xfffffaae
 c54:	5000746c 	andpl	r7, r0, ip, ror #8
 c58:	73736572 	cmnvc	r3, #478150656	; 0x1c800000
 c5c:	6e653c20 	cdpvs	12, 6, cr3, cr5, cr0, {1}
 c60:	3e726574 	mrccc	5, 3, r6, cr2, cr4, {3}
 c64:	206f7420 	rsbcs	r7, pc, r0, lsr #8
 c68:	746e6f63 	strbtvc	r6, [lr], #-3939	; 0xfffff09d
 c6c:	65756e69 	ldrbvs	r6, [r5, #-3689]!	; 0xfffff197
 c70:	3a732500 	bcc	1cca078 <__bss_end__+0x1cb8bb8>
 c74:	2020000a 	eorcs	r0, r0, sl
 c78:	78343025 	ldmdavc	r4!, {r0, r2, r5, ip, sp}
 c7c:	2d200020 	stccs	0, cr0, [r0, #-128]!	; 0xffffff80
 c80:	30252a00 	eorcc	r2, r5, r0, lsl #20
 c84:	20007838 	andcs	r7, r0, r8, lsr r8
 c88:	78383025 	ldmdavc	r8!, {r0, r2, r5, ip, sp}
 c8c:	68637300 	stmdavs	r3!, {r8, r9, ip, sp, lr}^
 c90:	735f6465 	cmpvc	pc, #1694498816	; 0x65000000
 c94:	66617465 	strbtvs	r7, [r1], -r5, ror #8
 c98:	696e6966 	stmdbvs	lr!, {r1, r2, r5, r6, r8, fp, sp, lr}^
 c9c:	29287974 	stmdbcs	r8!, {r2, r4, r5, r6, r8, fp, ip, sp, lr}
 ca0:	69616620 	stmdbvs	r1!, {r5, r9, sl, sp, lr}^
 ca4:	0064656c 	rsbeq	r6, r4, ip, ror #10
 ca8:	65686373 	strbvs	r6, [r8, #-883]!	; 0xfffffc8d
 cac:	65675f64 	strbvs	r5, [r7, #-3940]!	; 0xfffff09c
 cb0:	66666174 			; <UNDEFINED> instruction: 0x66666174
 cb4:	74696e69 	strbtvc	r6, [r9], #-3689	; 0xfffff197
 cb8:	20292879 	eorcs	r2, r9, r9, ror r8
 cbc:	6c696166 	stfvse	f6, [r9], #-408	; 0xfffffe68
 cc0:	Address 0x0000000000000cc0 is out of bounds.


Disassembly of section .eh_frame:

00000cc4 <__FRAME_END__>:
 cc4:	00000000 	andeq	r0, r0, r0

Disassembly of section .init_array:

00010ea4 <__frame_dummy_init_array_entry>:
   10ea4:	000006c0 	andeq	r0, r0, r0, asr #13

Disassembly of section .fini_array:

00010ea8 <__do_global_dtors_aux_fini_array_entry>:
   10ea8:	00000638 	andeq	r0, r0, r8, lsr r6

Disassembly of section .dynamic:

00010eac <.dynamic>:
   10eac:	00000001 	andeq	r0, r0, r1
   10eb0:	00000001 	andeq	r0, r0, r1
   10eb4:	00000001 	andeq	r0, r0, r1
   10eb8:	0000005f 	andeq	r0, r0, pc, asr r0
   10ebc:	0000000c 	andeq	r0, r0, ip
   10ec0:	000004e4 	andeq	r0, r0, r4, ror #9
   10ec4:	0000000d 	andeq	r0, r0, sp
   10ec8:	00000a7c 	andeq	r0, r0, ip, ror sl
   10ecc:	00000019 	andeq	r0, r0, r9, lsl r0
   10ed0:	00010ea4 	andeq	r0, r1, r4, lsr #29
   10ed4:	0000001b 	andeq	r0, r0, fp, lsl r0
   10ed8:	00000004 	andeq	r0, r0, r4
   10edc:	0000001a 	andeq	r0, r0, sl, lsl r0
   10ee0:	00010ea8 	andeq	r0, r1, r8, lsr #29
   10ee4:	0000001c 	andeq	r0, r0, ip, lsl r0
   10ee8:	00000004 	andeq	r0, r0, r4
   10eec:	00000004 	andeq	r0, r0, r4
   10ef0:	0000012c 	andeq	r0, r0, ip, lsr #2
   10ef4:	6ffffef5 	svcvs	0x00fffef5
   10ef8:	000001cc 	andeq	r0, r0, ip, asr #3
   10efc:	00000005 	andeq	r0, r0, r5
   10f00:	00000340 	andeq	r0, r0, r0, asr #6
   10f04:	00000006 	andeq	r0, r0, r6
   10f08:	000001f0 	strdeq	r0, [r0], -r0	; <UNPREDICTABLE>
   10f0c:	0000000a 	andeq	r0, r0, sl
   10f10:	000000db 	ldrdeq	r0, [r0], -fp
   10f14:	0000000b 	andeq	r0, r0, fp
   10f18:	00000010 	andeq	r0, r0, r0, lsl r0
   10f1c:	00000015 	andeq	r0, r0, r5, lsl r0
   10f20:	00000000 	andeq	r0, r0, r0
   10f24:	00000003 	andeq	r0, r0, r3
   10f28:	00010f9c 	muleq	r1, ip, pc	; <UNPREDICTABLE>
   10f2c:	00000002 	andeq	r0, r0, r2
   10f30:	00000070 	andeq	r0, r0, r0, ror r0
   10f34:	00000014 	andeq	r0, r0, r4, lsl r0
   10f38:	00000011 	andeq	r0, r0, r1, lsl r0
   10f3c:	00000017 	andeq	r0, r0, r7, lsl r0
   10f40:	00000474 	andeq	r0, r0, r4, ror r4
   10f44:	00000011 	andeq	r0, r0, r1, lsl r0
   10f48:	0000041c 	andeq	r0, r0, ip, lsl r4
   10f4c:	00000012 	andeq	r0, r0, r2, lsl r0
   10f50:	00000058 	andeq	r0, r0, r8, asr r0
   10f54:	00000013 	andeq	r0, r0, r3, lsl r0
   10f58:	00000008 	andeq	r0, r0, r8
   10f5c:	00000018 	andeq	r0, r0, r8, lsl r0
   10f60:	00000000 	andeq	r0, r0, r0
   10f64:	6ffffffb 	svcvs	0x00fffffb
   10f68:	08000001 	stmdaeq	r0, {r0}
   10f6c:	6ffffffa 	svcvs	0x00fffffa
   10f70:	00000006 	andeq	r0, r0, r6
	...

Disassembly of section .got:

00010f9c <.got>:
   10f9c:	00010eac 	andeq	r0, r1, ip, lsr #29
	...
   10fa8:	000004f0 	strdeq	r0, [r0], -r0	; <UNPREDICTABLE>
   10fac:	000004f0 	strdeq	r0, [r0], -r0	; <UNPREDICTABLE>
   10fb0:	000004f0 	strdeq	r0, [r0], -r0	; <UNPREDICTABLE>
   10fb4:	000004f0 	strdeq	r0, [r0], -r0	; <UNPREDICTABLE>
   10fb8:	000004f0 	strdeq	r0, [r0], -r0	; <UNPREDICTABLE>
   10fbc:	000004f0 	strdeq	r0, [r0], -r0	; <UNPREDICTABLE>
   10fc0:	000004f0 	strdeq	r0, [r0], -r0	; <UNPREDICTABLE>
   10fc4:	000004f0 	strdeq	r0, [r0], -r0	; <UNPREDICTABLE>
   10fc8:	000004f0 	strdeq	r0, [r0], -r0	; <UNPREDICTABLE>
   10fcc:	000004f0 	strdeq	r0, [r0], -r0	; <UNPREDICTABLE>
   10fd0:	000004f0 	strdeq	r0, [r0], -r0	; <UNPREDICTABLE>
   10fd4:	000004f0 	strdeq	r0, [r0], -r0	; <UNPREDICTABLE>
   10fd8:	000004f0 	strdeq	r0, [r0], -r0	; <UNPREDICTABLE>
   10fdc:	000004f0 	strdeq	r0, [r0], -r0	; <UNPREDICTABLE>
	...
   10fe8:	000004e4 	andeq	r0, r0, r4, ror #9
	...
   10ff4:	000005ac 	andeq	r0, r0, ip, lsr #11
   10ff8:	00000a7c 	andeq	r0, r0, ip, ror sl
   10ffc:	00000000 	andeq	r0, r0, r0

Disassembly of section .data:

00011000 <__dso_handle>:
   11000:	00011000 	andeq	r1, r1, r0

Disassembly of section .bss:

00011004 <__bss_start>:
   11004:	00000000 	andeq	r0, r0, r0

00011008 <object.9415>:
	...

00011020 <ExpectedSqrResult>:
	...

00011270 <SqrResult>:
	...

Disassembly of section .comment:

00000000 <.comment>:
   0:	3a434347 	bcc	10d0d24 <__bss_end__+0x10bf864>
   4:	704f2820 	subvc	r2, pc, r0, lsr #16
   8:	72576e65 	subsvc	r6, r7, #1616	; 0x650
   c:	43472074 	movtmi	r2, #28788	; 0x7074
  10:	2e382043 	cdpcs	0, 3, cr2, cr8, cr3, {2}
  14:	20302e34 	eorscs	r2, r0, r4, lsr lr
  18:	36323172 			; <UNDEFINED> instruction: 0x36323172
  1c:	632d3734 			; <UNDEFINED> instruction: 0x632d3734
  20:	61343462 	teqvs	r4, r2, ror #8
  24:	35663462 	strbcc	r3, [r6, #-1122]!	; 0xfffffb9e
  28:	38202964 	stmdacc	r0!, {r2, r5, r6, r8, fp, sp}
  2c:	302e342e 	eorcc	r3, lr, lr, lsr #8
	...

Disassembly of section .ARM.attributes:

00000000 <.ARM.attributes>:
   0:	00003a41 	andeq	r3, r0, r1, asr #20
   4:	61656100 	cmnvs	r5, r0, lsl #2
   8:	01006962 	tsteq	r0, r2, ror #18
   c:	00000030 	andeq	r0, r0, r0, lsr r0
  10:	45563705 	ldrbmi	r3, [r6, #-1797]	; 0xfffff8fb
  14:	070a0600 	streq	r0, [sl, -r0, lsl #12]
  18:	09010841 	stmdbeq	r1, {r0, r6, fp}
  1c:	0c050a02 			; <UNDEFINED> instruction: 0x0c050a02
  20:	13041202 	movwne	r1, #16898	; 0x4202
  24:	15011401 	strne	r1, [r1, #-1025]	; 0xfffffbff
  28:	18031701 	stmdane	r3, {r0, r8, r9, sl, ip}
  2c:	1c021a01 			; <UNDEFINED> instruction: 0x1c021a01
  30:	22041e01 	andcs	r1, r4, #1, 28
  34:	2c012a01 			; <UNDEFINED> instruction: 0x2c012a01
  38:	Address 0x0000000000000038 is out of bounds.


Disassembly of section .debug_aranges:

00000000 <.debug_aranges>:
   0:	0000001c 	andeq	r0, r0, ip, lsl r0
   4:	00000002 	andeq	r0, r0, r2
   8:	00040000 	andeq	r0, r4, r0
   c:	00000000 	andeq	r0, r0, r0
  10:	000005d4 	ldrdeq	r0, [r0], -r4
  14:	00000064 	andeq	r0, r0, r4, rrx
	...
  20:	00000024 	andeq	r0, r0, r4, lsr #32
  24:	02fb0002 	rscseq	r0, fp, #2
  28:	00040000 	andeq	r0, r4, r0
  2c:	00000000 	andeq	r0, r0, r0
  30:	000004e4 	andeq	r0, r0, r4, ror #9
  34:	00000004 	andeq	r0, r0, r4
  38:	00000a7c 	andeq	r0, r0, ip, ror sl
  3c:	00000004 	andeq	r0, r0, r4
	...
  48:	00000024 	andeq	r0, r0, r4, lsr #32
  4c:	031d0002 	tsteq	sp, #2
  50:	00040000 	andeq	r0, r4, r0
  54:	00000000 	andeq	r0, r0, r0
  58:	000004e8 	andeq	r0, r0, r8, ror #9
  5c:	00000008 	andeq	r0, r0, r8
  60:	00000a80 	andeq	r0, r0, r0, lsl #21
  64:	00000008 	andeq	r0, r0, r8
	...

Disassembly of section .debug_info:

00000000 <.debug_info>:
   0:	000002f7 	strdeq	r0, [r0], -r7
   4:	00000004 	andeq	r0, r0, r4
   8:	01040000 	mrseq	r0, (UNDEF: 4)
   c:	00000053 	andeq	r0, r0, r3, asr r0
  10:	00000f0c 	andeq	r0, r0, ip, lsl #30
  14:	0001d200 	andeq	sp, r1, r0, lsl #4
	...
  24:	07040200 	streq	r0, [r4, -r0, lsl #4]
  28:	0000027a 	andeq	r0, r0, sl, ror r2
  2c:	00025503 	andeq	r5, r2, r3, lsl #10
  30:	18580200 	ldmdane	r8, {r9}^
  34:	00000025 	andeq	r0, r0, r5, lsr #32
  38:	69050404 	stmdbvs	r5, {r2, sl}
  3c:	0500746e 	streq	r7, [r0, #-1134]	; 0xfffffb92
  40:	00000038 	andeq	r0, r0, r8, lsr r0
  44:	e1050402 	tst	r5, r2, lsl #8
  48:	02000002 	andeq	r0, r0, #2
  4c:	02dc0508 	sbcseq	r0, ip, #8, 10	; 0x2000000
  50:	04060000 	streq	r0, [r6], #-0
  54:	00001f07 	andeq	r1, r0, r7, lsl #30
  58:	015c0200 	cmpeq	ip, r0, lsl #4
  5c:	00006119 	andeq	r6, r0, r9, lsl r1
  60:	001b0800 	andseq	r0, fp, r0, lsl #16
  64:	01020000 	mrseq	r0, (UNDEF: 2)
  68:	00029c08 	andeq	r9, r2, r8, lsl #24
  6c:	00660900 	rsbeq	r0, r6, r0, lsl #18
  70:	08020000 	stmdaeq	r2, {}	; <UNPREDICTABLE>
  74:	00026204 	andeq	r6, r2, r4, lsl #4
  78:	02690a00 	rsbeq	r0, r9, #0, 20
  7c:	44030000 	strmi	r0, [r3], #-0
  80:	00008b14 	andeq	r8, r0, r4, lsl fp
  84:	54040b00 	strpl	r0, [r4], #-2816	; 0xfffff500
  88:	09000000 	stmdbeq	r0, {}	; <UNPREDICTABLE>
  8c:	00000085 	andeq	r0, r0, r5, lsl #1
  90:	0000400a 	andeq	r4, r0, sl
  94:	14450300 	strbne	r0, [r5], #-768	; 0xfffffd00
  98:	0000008b 	andeq	r0, r0, fp, lsl #1
  9c:	0000240a 	andeq	r2, r0, sl, lsl #8
  a0:	14460300 	strbne	r0, [r6], #-768	; 0xfffffd00
  a4:	0000008b 	andeq	r0, r0, fp, lsl #1
  a8:	0000330a 	andeq	r3, r0, sl, lsl #6
  ac:	140c0400 	strne	r0, [ip], #-1024	; 0xfffffc00
  b0:	00000054 	andeq	r0, r0, r4, asr r0
  b4:	0001b50a 	andeq	fp, r1, sl, lsl #10
  b8:	140d0400 	strne	r0, [sp], #-1024	; 0xfffffc00
  bc:	00000054 	andeq	r0, r0, r4, asr r0
  c0:	0001a70a 	andeq	sl, r1, sl, lsl #14
  c4:	140e0400 	strne	r0, [lr], #-1024	; 0xfffffc00
  c8:	00000054 	andeq	r0, r0, r4, asr r0
  cc:	00030b0c 	andeq	r0, r3, ip, lsl #22
  d0:	0a051800 	beq	1460d8 <__bss_end__+0x134c18>
  d4:	0000e708 	andeq	lr, r0, r8, lsl #14
  d8:	61630d00 	cmnvs	r3, r0, lsl #26
  dc:	0b050074 	bleq	1402b4 <__bss_end__+0x12edf4>
  e0:	0000e71d 	andeq	lr, r0, sp, lsl r7
  e4:	0e000000 	cdpeq	0, 0, cr0, cr0, cr0, {0}
  e8:	000000f7 	strdeq	r0, [r0], -r7
  ec:	000000f7 	strdeq	r0, [r0], -r7
  f0:	0000250f 	andeq	r2, r0, pc, lsl #10
  f4:	0b000500 	bleq	14fc <__FRAME_END__+0x838>
  f8:	00010204 	andeq	r0, r1, r4, lsl #4
  fc:	028f0800 	addeq	r0, pc, #0, 16
 100:	fd090000 	stc2	0, cr0, [r9, #-0]
 104:	0c000000 	stceq	0, cr0, [r0], {-0}
 108:	00000332 	andeq	r0, r0, r2, lsr r3
 10c:	080e0518 	stmdaeq	lr, {r3, r4, r8, sl}
 110:	00000163 	andeq	r0, r0, r3, ror #2
 114:	00032d10 	andeq	r2, r3, r0, lsl sp
 118:	150f0500 	strne	r0, [pc, #-1280]	; fffffc20 <__bss_end__+0xfffee760>
 11c:	00000163 	andeq	r0, r0, r3, ror #2
 120:	025c1000 	subseq	r1, ip, #0
 124:	10050000 	andne	r0, r5, r0
 128:	00005208 	andeq	r5, r0, r8, lsl #4
 12c:	6c0d0400 	cfstrsvs	mvf0, [sp], {-0}
 130:	05006e65 	streq	r6, [r0, #-3685]	; 0xfffff19b
 134:	002c0911 	eoreq	r0, ip, r1, lsl r9
 138:	10080000 	andne	r0, r8, r0
 13c:	00000342 	andeq	r0, r0, r2, asr #6
 140:	2c0e1105 	stfcss	f1, [lr], {5}
 144:	0c000000 	stceq	0, cr0, [r0], {-0}
 148:	0002b510 	andeq	fp, r2, r0, lsl r5
 14c:	14110500 	ldrne	r0, [r1], #-1280	; 0xfffffb00
 150:	0000002c 	andeq	r0, r0, ip, lsr #32
 154:	02ea1010 	rsceq	r1, sl, #16
 158:	11050000 	mrsne	r0, (UNDEF: 5)
 15c:	00002c1b 	andeq	r2, r0, fp, lsl ip
 160:	0b001400 	bleq	5168 <__FRAME_END__+0x44a4>
 164:	00010704 	andeq	r0, r1, r4, lsl #14
 168:	00470c00 	subeq	r0, r7, r0, lsl #24
 16c:	05400000 	strbeq	r0, [r0, #-0]
 170:	02060814 	andeq	r0, r6, #20, 16	; 0x140000
 174:	00100000 	andseq	r0, r0, r0
 178:	05000000 	streq	r0, [r0, #-0]
 17c:	00380615 	eorseq	r0, r8, r5, lsl r6
 180:	10000000 	andne	r0, r0, r0
 184:	00000233 	andeq	r0, r0, r3, lsr r2
 188:	38061605 	stmdacc	r6, {r0, r2, r9, sl, ip}
 18c:	04000000 	streq	r0, [r0], #-0
 190:	0002a110 	andeq	sl, r2, r0, lsl r1
 194:	06170500 	ldreq	r0, [r7], -r0, lsl #10
 198:	00000038 	andeq	r0, r0, r8, lsr r0
 19c:	02451008 	subeq	r1, r5, #8
 1a0:	18050000 	stmdane	r5, {}	; <UNPREDICTABLE>
 1a4:	00003f0f 	andeq	r3, r0, pc, lsl #30
 1a8:	06100c00 	ldreq	r0, [r0], -r0, lsl #24
 1ac:	05000003 	streq	r0, [r0, #-3]
 1b0:	02060a19 	andeq	r0, r6, #102400	; 0x19000
 1b4:	10100000 	andsne	r0, r0, r0
 1b8:	000002d3 	ldrdeq	r0, [r0], -r3
 1bc:	63151a05 	tstvs	r5, #20480	; 0x5000
 1c0:	14000001 	strne	r0, [r0], #-1
 1c4:	0002a810 	andeq	sl, r2, r0, lsl r8
 1c8:	091b0500 	ldmdbeq	fp, {r8, sl}
 1cc:	0000002c 	andeq	r0, r0, ip, lsr #32
 1d0:	02b11018 	adcseq	r1, r1, #24
 1d4:	1b050000 	blne	1401dc <__bss_end__+0x12ed1c>
 1d8:	00002c13 	andeq	r2, r0, r3, lsl ip
 1dc:	2b101c00 	blcs	4071e4 <__bss_end__+0x3f5d24>
 1e0:	05000000 	streq	r0, [r0, #-0]
 1e4:	002c1e1b 	eoreq	r1, ip, fp, lsl lr
 1e8:	10200000 	eorne	r0, r0, r0
 1ec:	0000033d 	andeq	r0, r0, sp, lsr r3
 1f0:	2c091c05 	stccs	12, cr1, [r9], {5}
 1f4:	24000000 	strcs	r0, [r0], #-0
 1f8:	0002bb10 	andeq	fp, r2, r0, lsl fp
 1fc:	191d0500 	ldmdbne	sp, {r8, sl}
 200:	000000cc 	andeq	r0, r0, ip, asr #1
 204:	040b0028 	streq	r0, [fp], #-40	; 0xffffffd8
 208:	0000002c 	andeq	r0, r0, ip, lsr #32
 20c:	0000470a 	andeq	r4, r0, sl, lsl #14
 210:	1d240500 	cfstr32ne	mvfx0, [r4, #-0]
 214:	00000169 	andeq	r0, r0, r9, ror #2
 218:	0002870a 	andeq	r8, r2, sl, lsl #14
 21c:	16300500 	ldrtne	r0, [r0], -r0, lsl #10
 220:	0000002c 	andeq	r0, r0, ip, lsr #32
 224:	0002c90a 	andeq	ip, r2, sl, lsl #18
 228:	16310500 	ldrtne	r0, [r1], -r0, lsl #10
 22c:	0000002c 	andeq	r0, r0, ip, lsr #32
 230:	00026f0a 	andeq	r6, r2, sl, lsl #30
 234:	0e320500 	cfabs32eq	mvfx0, mvfx2
 238:	0000023c 	andeq	r0, r0, ip, lsr r2
 23c:	0066040b 	rsbeq	r0, r6, fp, lsl #8
 240:	f10a0000 	cpsie	,#0
 244:	05000002 	streq	r0, [r0, #-2]
 248:	023c1b32 	eorseq	r1, ip, #51200	; 0xc800
 24c:	6d0e0000 	stcvs	0, cr0, [lr, #-0]
 250:	59000000 	stmdbpl	r0, {}	; <UNPREDICTABLE>
 254:	11000002 	tstne	r0, r2
 258:	024e0900 	subeq	r0, lr, #0, 18
 25c:	c30a0000 	movwgt	r0, #40960	; 0xa000
 260:	05000001 	streq	r0, [r0, #-1]
 264:	02591a34 	subseq	r1, r9, #52, 20	; 0x34000
 268:	3c120000 	ldccc	0, cr0, [r2], {-0}
 26c:	01000002 	tsteq	r0, r2
 270:	05d4060e 	ldrbeq	r0, [r4, #1550]	; 0x60e
 274:	00640000 	rsbeq	r0, r4, r0
 278:	9c010000 	stcls	0, cr0, [r1], {-0}
 27c:	000002e2 	andeq	r0, r0, r2, ror #5
 280:	01007013 	tsteq	r0, r3, lsl r0
 284:	02e2150e 	rsceq	r1, r2, #58720256	; 0x3800000
 288:	00060000 	andeq	r0, r6, r0
 28c:	00000000 	andeq	r0, r0, r0
 290:	01140000 	tsteq	r4, r0
 294:	01000003 	tsteq	r0, r3
 298:	00380610 	eorseq	r0, r8, r0, lsl r6
 29c:	00360000 	eorseq	r0, r6, r0
 2a0:	00340000 	eorseq	r0, r4, r0
 2a4:	4e140000 	cdpmi	0, 1, cr0, cr4, cr0, {0}
 2a8:	01000000 	mrseq	r0, (UNDEF: 0)
 2ac:	02e80911 	rsceq	r0, r8, #278528	; 0x44000
 2b0:	00500000 	subseq	r0, r0, r0
 2b4:	004a0000 	subeq	r0, sl, r0
 2b8:	20150000 	andscs	r0, r5, r0
 2bc:	ee000006 	cdp	0, 0, cr0, cr0, cr6, {0}
 2c0:	16000002 	strne	r0, [r0], -r2
 2c4:	91035001 	tstls	r3, r1
 2c8:	0116066c 	tsteq	r6, ip, ror #12
 2cc:	01f30552 	mvnseq	r0, r2, asr r5
 2d0:	16042350 			; <UNDEFINED> instruction: 0x16042350
 2d4:	91035301 	tstls	r3, r1, lsl #6
 2d8:	02160668 	andseq	r0, r6, #104, 12	; 0x6800000
 2dc:	3001047d 	andcc	r0, r1, sp, ror r4
 2e0:	040b0000 	streq	r0, [fp], #-0
 2e4:	00000044 	andeq	r0, r0, r4, asr #32
 2e8:	023c040b 	eorseq	r0, ip, #184549376	; 0xb000000
 2ec:	1b170000 	blne	5c02f4 <__bss_end__+0x5aee34>
 2f0:	1b000003 	blne	304 <_init-0x1e0>
 2f4:	01000003 	tsteq	r0, r3
 2f8:	1e00050b 	cfsh32ne	mvfx0, mvfx0, #11
 2fc:	02000000 	andeq	r0, r0, #0
 300:	00013a00 	andeq	r3, r1, r0, lsl #20
 304:	cd010400 	cfstrsgt	mvf0, [r1, #-0]
 308:	10000000 	andne	r0, r0, r0
 30c:	47000000 	strmi	r0, [r0, -r0]
 310:	d2000003 	andle	r0, r0, #3
 314:	56000001 	strpl	r0, [r0], -r1
 318:	01000003 	tsteq	r0, r3
 31c:	00001e80 	andeq	r1, r0, r0, lsl #29
 320:	4c000200 	sfmmi	f0, 4, [r0], {-0}
 324:	04000001 	streq	r0, [r0], #-1
 328:	00011801 	andeq	r1, r1, r1, lsl #16
 32c:	00003000 	andeq	r3, r0, r0
 330:	00036400 	andeq	r6, r3, r0, lsl #8
 334:	0001d200 	andeq	sp, r1, r0, lsl #4
 338:	00035600 	andeq	r5, r3, r0, lsl #12
 33c:	Address 0x000000000000033c is out of bounds.


Disassembly of section .debug_abbrev:

00000000 <.debug_abbrev>:
   0:	25011101 	strcs	r1, [r1, #-257]	; 0xfffffeff
   4:	030b130e 	movweq	r1, #45838	; 0xb30e
   8:	550e1b0e 	strpl	r1, [lr, #-2830]	; 0xfffff4f2
   c:	10011117 	andne	r1, r1, r7, lsl r1
  10:	02000017 	andeq	r0, r0, #23
  14:	0b0b0024 	bleq	2c00ac <__bss_end__+0x2aebec>
  18:	0e030b3e 	vmoveq.16	d3[0], r0
  1c:	16030000 	strne	r0, [r3], -r0
  20:	3a0e0300 	bcc	380c28 <__bss_end__+0x36f768>
  24:	390b3b0b 	stmdbcc	fp, {r0, r1, r3, r8, r9, fp, ip, sp}
  28:	0013490b 	andseq	r4, r3, fp, lsl #18
  2c:	00240400 	eoreq	r0, r4, r0, lsl #8
  30:	0b3e0b0b 	bleq	f82c64 <__bss_end__+0xf717a4>
  34:	00000803 	andeq	r0, r0, r3, lsl #16
  38:	49003505 	stmdbmi	r0, {r0, r2, r8, sl, ip, sp}
  3c:	06000013 			; <UNDEFINED> instruction: 0x06000013
  40:	0b0b000f 	bleq	2c0084 <__bss_end__+0x2aebc4>
  44:	16070000 	strne	r0, [r7], -r0
  48:	3a0e0300 	bcc	380c50 <__bss_end__+0x36f790>
  4c:	39053b0b 	stmdbcc	r5, {r0, r1, r3, r8, r9, fp, ip, sp}
  50:	0013490b 	andseq	r4, r3, fp, lsl #18
  54:	00130800 	andseq	r0, r3, r0, lsl #16
  58:	193c0e03 	ldmdbne	ip!, {r0, r1, r9, sl, fp}
  5c:	26090000 	strcs	r0, [r9], -r0
  60:	00134900 	andseq	r4, r3, r0, lsl #18
  64:	00340a00 	eorseq	r0, r4, r0, lsl #20
  68:	0b3a0e03 	bleq	e8387c <__bss_end__+0xe723bc>
  6c:	0b390b3b 	bleq	e42d60 <__bss_end__+0xe318a0>
  70:	193f1349 	ldmdbne	pc!, {r0, r3, r6, r8, r9, ip}	; <UNPREDICTABLE>
  74:	0000193c 	andeq	r1, r0, ip, lsr r9
  78:	0b000f0b 	bleq	3cac <__FRAME_END__+0x2fe8>
  7c:	0013490b 	andseq	r4, r3, fp, lsl #18
  80:	01130c00 	tsteq	r3, r0, lsl #24
  84:	0b0b0e03 	bleq	2c3898 <__bss_end__+0x2b23d8>
  88:	0b3b0b3a 	bleq	ec2d78 <__bss_end__+0xeb18b8>
  8c:	13010b39 	movwne	r0, #6969	; 0x1b39
  90:	0d0d0000 	stceq	0, cr0, [sp, #-0]
  94:	3a080300 	bcc	200c9c <__bss_end__+0x1ef7dc>
  98:	390b3b0b 	stmdbcc	fp, {r0, r1, r3, r8, r9, fp, ip, sp}
  9c:	3813490b 	ldmdacc	r3, {r0, r1, r3, r8, fp, lr}
  a0:	0e00000b 	cdpeq	0, 0, cr0, cr0, cr11, {0}
  a4:	13490101 	movtne	r0, #37121	; 0x9101
  a8:	00001301 	andeq	r1, r0, r1, lsl #6
  ac:	4900210f 	stmdbmi	r0, {r0, r1, r2, r3, r8, sp}
  b0:	000b2f13 	andeq	r2, fp, r3, lsl pc
  b4:	000d1000 	andeq	r1, sp, r0
  b8:	0b3a0e03 	bleq	e838cc <__bss_end__+0xe7240c>
  bc:	0b390b3b 	bleq	e42db0 <__bss_end__+0xe318f0>
  c0:	0b381349 	bleq	e04dec <__bss_end__+0xdf392c>
  c4:	21110000 	tstcs	r1, r0
  c8:	12000000 	andne	r0, r0, #0
  cc:	193f012e 	ldmdbne	pc!, {r1, r2, r3, r5, r8}	; <UNPREDICTABLE>
  d0:	0b3a0e03 	bleq	e838e4 <__bss_end__+0xe72424>
  d4:	0b390b3b 	bleq	e42dc8 <__bss_end__+0xe31908>
  d8:	01111927 	tsteq	r1, r7, lsr #18
  dc:	18400612 	stmdane	r0, {r1, r4, r9, sl}^
  e0:	01194297 			; <UNDEFINED> instruction: 0x01194297
  e4:	13000013 	movwne	r0, #19
  e8:	08030005 	stmdaeq	r3, {r0, r2}
  ec:	0b3b0b3a 	bleq	ec2ddc <__bss_end__+0xeb191c>
  f0:	13490b39 	movtne	r0, #39737	; 0x9b39
  f4:	42b71702 	adcsmi	r1, r7, #524288	; 0x80000
  f8:	14000017 	strne	r0, [r0], #-23	; 0xffffffe9
  fc:	0e030034 	mcreq	0, 0, r0, cr3, cr4, {1}
 100:	0b3b0b3a 	bleq	ec2df0 <__bss_end__+0xeb1930>
 104:	13490b39 	movtne	r0, #39737	; 0x9b39
 108:	42b71702 	adcsmi	r1, r7, #524288	; 0x80000
 10c:	15000017 	strne	r0, [r0, #-23]	; 0xffffffe9
 110:	01018289 	smlabbeq	r1, r9, r2, r8
 114:	13310111 	teqne	r1, #1073741828	; 0x40000004
 118:	8a160000 	bhi	580120 <__bss_end__+0x56ec60>
 11c:	02000182 	andeq	r0, r0, #-2147483616	; 0x80000020
 120:	18429118 	stmdane	r2, {r3, r4, r8, ip, pc}^
 124:	2e170000 	cdpcs	0, 1, cr0, cr7, cr0, {0}
 128:	3c193f00 	ldccc	15, cr3, [r9], {-0}
 12c:	030e6e19 	movweq	r6, #60953	; 0xee19
 130:	3b0b3a0e 	blcc	2ce970 <__bss_end__+0x2bd4b0>
 134:	000b390b 	andeq	r3, fp, fp, lsl #18
 138:	11010000 	mrsne	r0, (UNDEF: 1)
 13c:	55061000 	strpl	r1, [r6, #-0]
 140:	1b0e0306 	blne	380d60 <__bss_end__+0x36f8a0>
 144:	130e250e 	movwne	r2, #58638	; 0xe50e
 148:	00000005 	andeq	r0, r0, r5
 14c:	10001101 	andne	r1, r0, r1, lsl #2
 150:	03065506 	movweq	r5, #25862	; 0x6506
 154:	250e1b0e 	strcs	r1, [lr, #-2830]	; 0xfffff4f2
 158:	0005130e 	andeq	r1, r5, lr, lsl #6
	...

Disassembly of section .debug_line:

00000000 <.debug_line>:
   0:	000000c9 	andeq	r0, r0, r9, asr #1
   4:	00990002 	addseq	r0, r9, r2
   8:	01020000 	mrseq	r0, (UNDEF: 2)
   c:	000d0efb 	strdeq	r0, [sp], -fp
  10:	01010101 	tsteq	r1, r1, lsl #2
  14:	01000000 	mrseq	r0, (UNDEF: 0)
  18:	63010000 	movwvs	r0, #4096	; 0x1000
  1c:	6f007472 	svcvs	0x00007472
  20:	692f6a62 	stmdbvs	pc!, {r1, r5, r6, r9, fp, sp, lr}	; <UNPREDICTABLE>
  24:	756c636e 	strbvc	r6, [ip, #-878]!	; 0xfffffc92
  28:	622f6564 	eorvs	r6, pc, #100, 10	; 0x19000000
  2c:	00737469 	rsbseq	r7, r3, r9, ror #8
  30:	72732f2e 	rsbsvc	r2, r3, #46, 30	; 0xb8
  34:	6e692f63 	cdpvs	15, 6, cr2, cr9, cr3, {3}
  38:	64756c63 	ldrbtvs	r6, [r5], #-3171	; 0xfffff39d
  3c:	2e2e2f65 	cdpcs	15, 2, cr2, cr14, cr5, {3}
  40:	2f2e2e2f 	svccs	0x002e2e2f
  44:	6c636e69 	stclvs	14, cr6, [r3], #-420	; 0xfffffe5c
  48:	00656475 	rsbeq	r6, r5, r5, ror r4
  4c:	72732f2e 	rsbsvc	r2, r3, #46, 30	; 0xb8
  50:	6e692f63 	cdpvs	15, 6, cr2, cr9, cr3, {3}
  54:	64756c63 	ldrbtvs	r6, [r5], #-3171	; 0xfffff39d
  58:	2f2e0065 	svccs	0x002e0065
  5c:	2f637273 	svccs	0x00637273
  60:	65746e69 	ldrbvs	r6, [r4, #-3689]!	; 0xfffff197
  64:	6c616e72 	stclvs	14, cr6, [r1], #-456	; 0xfffffe38
  68:	72630000 	rsbvc	r0, r3, #0
  6c:	632e3174 			; <UNDEFINED> instruction: 0x632e3174
  70:	00000100 	andeq	r0, r0, r0, lsl #2
  74:	746c6c61 	strbtvc	r6, [ip], #-3169	; 0xfffff39f
  78:	73657079 	cmnvc	r5, #121	; 0x79
  7c:	0200682e 	andeq	r6, r0, #3014656	; 0x2e0000
  80:	74730000 	ldrbtvc	r0, [r3], #-0
  84:	2e6f6964 	vnmulcs.f16	s13, s30, s9	; <UNPREDICTABLE>
  88:	00030068 	andeq	r0, r3, r8, rrx
  8c:	64747300 	ldrbtvs	r7, [r4], #-768	; 0xfffffd00
  90:	682e6f69 	stmdavs	lr!, {r0, r3, r5, r6, r8, r9, sl, fp, sp, lr}
  94:	00000400 	andeq	r0, r0, r0, lsl #8
  98:	6362696c 	cmnvs	r2, #108, 18	; 0x1b0000
  9c:	0500682e 	streq	r6, [r0, #-2094]	; 0xfffff7d2
  a0:	05000000 	streq	r0, [r0, #-0]
  a4:	02050001 	andeq	r0, r5, #1
  a8:	000005d4 	ldrdeq	r0, [r0], -r4
  ac:	05010e03 	streq	r0, [r1, #-3587]	; 0xfffff1fd
  b0:	13131302 	tstne	r3, #134217728	; 0x8000000
  b4:	0f060105 	svceq	0x00060105
  b8:	3102052e 	tstcc	r2, lr, lsr #10
  bc:	052b0105 	streq	r0, [fp, #-261]!	; 0xfffffefb
  c0:	66d63102 	ldrbvs	r3, [r6], r2, lsl #2
  c4:	2f010582 	svccs	0x00010582
  c8:	01000c02 	tsteq	r0, r2, lsl #24
  cc:	00004701 	andeq	r4, r0, r1, lsl #14
  d0:	25000200 	strcs	r0, [r0, #-512]	; 0xfffffe00
  d4:	02000000 	andeq	r0, r0, #0
  d8:	0d0efb01 	vstreq	d15, [lr, #-4]
  dc:	01010100 	mrseq	r0, (UNDEF: 17)
  e0:	00000001 	andeq	r0, r0, r1
  e4:	01000001 	tsteq	r0, r1
  e8:	2f747263 	svccs	0x00747263
  ec:	006d7261 	rsbeq	r7, sp, r1, ror #4
  f0:	74726300 	ldrbtvc	r6, [r2], #-768	; 0xfffffd00
  f4:	00732e69 	rsbseq	r2, r3, r9, ror #28
  f8:	00000001 	andeq	r0, r0, r1
  fc:	e4020500 	str	r0, [r2], #-1280	; 0xfffffb00
 100:	18000004 	stmdane	r0, {r2}
 104:	01000202 	tsteq	r0, r2, lsl #4
 108:	02050001 	andeq	r0, r5, #1
 10c:	00000a7c 	andeq	r0, r0, ip, ror sl
 110:	02010c03 	andeq	r0, r1, #768	; 0x300
 114:	01010002 	tsteq	r1, r2
 118:	00000047 	andeq	r0, r0, r7, asr #32
 11c:	00250002 	eoreq	r0, r5, r2
 120:	01020000 	mrseq	r0, (UNDEF: 2)
 124:	000d0efb 	strdeq	r0, [sp], -fp
 128:	01010101 	tsteq	r1, r1, lsl #2
 12c:	01000000 	mrseq	r0, (UNDEF: 0)
 130:	63010000 	movwvs	r0, #4096	; 0x1000
 134:	612f7472 			; <UNDEFINED> instruction: 0x612f7472
 138:	00006d72 	andeq	r6, r0, r2, ror sp
 13c:	6e747263 	cdpvs	2, 7, cr7, cr4, cr3, {3}
 140:	0100732e 	tsteq	r0, lr, lsr #6
 144:	00000000 	andeq	r0, r0, r0
 148:	04e80205 	strbteq	r0, [r8], #517	; 0x205
 14c:	2f150000 	svccs	0x00150000
 150:	01000202 	tsteq	r0, r2, lsl #4
 154:	02050001 	andeq	r0, r5, #1
 158:	00000a80 	andeq	r0, r0, r0, lsl #21
 15c:	02022f19 	andeq	r2, r2, #25, 30	; 0x64
 160:	Address 0x0000000000000160 is out of bounds.


Disassembly of section .debug_frame:

00000000 <.debug_frame>:
   0:	0000000c 	andeq	r0, r0, ip
   4:	ffffffff 			; <UNDEFINED> instruction: 0xffffffff
   8:	7c020001 	stcvc	0, cr0, [r2], {1}
   c:	000d0c0e 	andeq	r0, sp, lr, lsl #24
  10:	00000014 	andeq	r0, r0, r4, lsl r0
  14:	00000000 	andeq	r0, r0, r0
  18:	000005d4 	ldrdeq	r0, [r0], -r4
  1c:	00000064 	andeq	r0, r0, r4, rrx
  20:	8e180e42 	cdphi	14, 1, cr0, cr8, cr2, {2}
  24:	040e6601 	streq	r6, [lr], #-1537	; 0xfffff9ff

Disassembly of section .debug_str:

00000000 <.debug_str>:
   0:	5f6e6163 	svcpl	0x006e6163
   4:	745f6f64 	ldrbvc	r6, [pc], #-3940	; c <_init-0x4d8>
   8:	61657268 	cmnvs	r5, r8, ror #4
   c:	63007364 	movwvs	r7, #868	; 0x364
  10:	532f7472 			; <UNDEFINED> instruction: 0x532f7472
  14:	31747263 	cmncc	r4, r3, ror #4
  18:	5f00632e 	svcpl	0x0000632e
  1c:	465f4f49 	ldrbmi	r4, [pc], -r9, asr #30
  20:	00454c49 	subeq	r4, r5, r9, asr #24
  24:	65647473 	strbvs	r7, [r4, #-1139]!	; 0xfffffb8d
  28:	74007272 	strvc	r7, [r0], #-626	; 0xfffffd8e
  2c:	635f736c 	cmpvs	pc, #108, 6	; 0xb0000001
  30:	5f00746e 	svcpl	0x0000746e
  34:	6474735f 	ldrbtvs	r7, [r4], #-863	; 0xfffffca1
  38:	465f6e69 	ldrbmi	r6, [pc], -r9, ror #28
  3c:	00454c49 	subeq	r4, r5, r9, asr #24
  40:	6f647473 	svcvs	0x00647473
  44:	5f007475 	svcpl	0x00007475
  48:	62696c5f 	rsbvs	r6, r9, #24320	; 0x5f00
  4c:	72610063 	rsbvc	r0, r1, #99	; 0x63
  50:	47007667 	strmi	r7, [r0, -r7, ror #12]
  54:	4320554e 			; <UNDEFINED> instruction: 0x4320554e
  58:	38203939 	stmdacc	r0!, {r0, r3, r4, r5, r8, fp, ip, sp}
  5c:	302e342e 	eorcc	r3, lr, lr, lsr #8
  60:	666d2d20 	strbtvs	r2, [sp], -r0, lsr #26
  64:	74616f6c 	strbtvc	r6, [r1], #-3948	; 0xfffff094
  68:	6962612d 	stmdbvs	r2!, {r0, r2, r3, r5, r8, sp, lr}^
  6c:	7261683d 	rsbvc	r6, r1, #3997696	; 0x3d0000
  70:	6d2d2064 	stcvs	0, cr2, [sp, #-400]!	; 0xfffffe70
  74:	3d757063 	ldclcc	0, cr7, [r5, #-396]!	; 0xfffffe74
  78:	74726f63 	ldrbtvc	r6, [r2], #-3939	; 0xfffff09d
  7c:	612d7865 			; <UNDEFINED> instruction: 0x612d7865
  80:	2d203531 	cfstr32cs	mvfx3, [r0, #-196]!	; 0xffffff3c
  84:	7570666d 	ldrbvc	r6, [r0, #-1645]!	; 0xfffff993
  88:	6f656e3d 	svcvs	0x00656e3d
  8c:	66762d6e 	ldrbtvs	r2, [r6], -lr, ror #26
  90:	20347670 	eorscs	r7, r4, r0, ror r6
  94:	6c746d2d 	ldclvs	13, cr6, [r4], #-180	; 0xffffff4c
  98:	69642d73 	stmdbvs	r4!, {r0, r1, r4, r5, r6, r8, sl, fp, sp}^
  9c:	63656c61 	cmnvs	r5, #24832	; 0x6100
  a0:	6e673d74 	mcrvs	13, 3, r3, cr7, cr4, {3}
  a4:	6d2d2075 	stcvs	0, cr2, [sp, #-468]!	; 0xfffffe2c
  a8:	206d7261 	rsbcs	r7, sp, r1, ror #4
  ac:	72616d2d 	rsbvc	r6, r1, #2880	; 0xb40
  b0:	613d6863 	teqvs	sp, r3, ror #16
  b4:	37766d72 			; <UNDEFINED> instruction: 0x37766d72
  b8:	732b6576 			; <UNDEFINED> instruction: 0x732b6576
  bc:	20646d69 	rsbcs	r6, r4, r9, ror #26
  c0:	2d20672d 	stccs	7, cr6, [r0, #-180]!	; 0xffffff4c
  c4:	2d20734f 	stccs	3, cr7, [r0, #-316]!	; 0xfffffec4
  c8:	3d647473 	cfstrdcc	mvd7, [r4, #-460]!	; 0xfffffe34
  cc:	20393963 	eorscs	r3, r9, r3, ror #18
  d0:	7266662d 	rsbvc	r6, r6, #47185920	; 0x2d00000
  d4:	74736565 	ldrbtvc	r6, [r3], #-1381	; 0xfffffa9b
  d8:	69646e61 	stmdbvs	r4!, {r0, r5, r6, r9, sl, fp, sp, lr}^
  dc:	2d20676e 	stccs	7, cr6, [r0, #-440]!	; 0xfffffe48
  e0:	63786566 	cmnvs	r8, #427819008	; 0x19800000
  e4:	2d737365 	ldclcs	3, cr7, [r3, #-404]!	; 0xfffffe6c
  e8:	63657270 	cmnvs	r5, #112, 4
  ec:	6f697369 	svcvs	0x00697369
  f0:	74733d6e 	ldrbtvc	r3, [r3], #-3438	; 0xfffff292
  f4:	61646e61 	cmnvs	r4, r1, ror #28
  f8:	2d206472 	cfstrscs	mvf6, [r0, #-456]!	; 0xfffffe38
  fc:	756f7266 	strbvc	r7, [pc, #-614]!	; fffffe9e <__bss_end__+0xfffee9de>
 100:	6e69646e 	cdpvs	4, 6, cr6, cr9, cr14, {3}
 104:	616d2d67 	cmnvs	sp, r7, ror #26
 108:	2d206874 	stccs	8, cr6, [r0, #-464]!	; 0xfffffe30
 10c:	2d6f6e66 	stclcs	14, cr6, [pc, #-408]!	; ffffff7c <__bss_end__+0xfffeeabc>
 110:	69776e75 	ldmdbvs	r7!, {r0, r2, r4, r5, r6, r9, sl, fp, sp, lr}^
 114:	742d646e 	strtvc	r6, [sp], #-1134	; 0xfffffb92
 118:	656c6261 	strbvs	r6, [ip, #-609]!	; 0xfffffd9f
 11c:	662d2073 			; <UNDEFINED> instruction: 0x662d2073
 120:	612d6f6e 			; <UNDEFINED> instruction: 0x612d6f6e
 124:	636e7973 	cmnvs	lr, #1884160	; 0x1cc000
 128:	6e6f7268 	cdpvs	2, 6, cr7, cr15, cr8, {3}
 12c:	2d73756f 	cfldr64cs	mvdx7, [r3, #-444]!	; 0xfffffe44
 130:	69776e75 	ldmdbvs	r7!, {r0, r2, r4, r5, r6, r9, sl, fp, sp, lr}^
 134:	742d646e 	strtvc	r6, [sp], #-1134	; 0xfffffb92
 138:	656c6261 	strbvs	r6, [ip, #-609]!	; 0xfffffd9f
 13c:	662d2073 			; <UNDEFINED> instruction: 0x662d2073
 140:	636e7566 	cmnvs	lr, #427819008	; 0x19800000
 144:	6e6f6974 			; <UNDEFINED> instruction: 0x6e6f6974
 148:	6365732d 	cmnvs	r5, #-1275068416	; 0xb4000000
 14c:	6e6f6974 			; <UNDEFINED> instruction: 0x6e6f6974
 150:	662d2073 			; <UNDEFINED> instruction: 0x662d2073
 154:	61746164 	cmnvs	r4, r4, ror #2
 158:	6365732d 	cmnvs	r5, #-1275068416	; 0xb4000000
 15c:	6e6f6974 			; <UNDEFINED> instruction: 0x6e6f6974
 160:	662d2073 			; <UNDEFINED> instruction: 0x662d2073
 164:	632d6f6e 			; <UNDEFINED> instruction: 0x632d6f6e
 168:	656c6c61 	strbvs	r6, [ip, #-3169]!	; 0xfffff39f
 16c:	61732d72 	cmnvs	r3, r2, ror sp
 170:	20736576 	rsbscs	r6, r3, r6, ror r5
 174:	6f6e662d 	svcvs	0x006e662d
 178:	746c702d 	strbtvc	r7, [ip], #-45	; 0xffffffd3
 17c:	68662d20 	stmdavs	r6!, {r5, r8, sl, fp, sp}^
 180:	756f6e6f 	strbvc	r6, [pc, #-3695]!	; fffff319 <__bss_end__+0xfffede59>
 184:	6f632d72 	svcvs	0x00632d72
 188:	20737470 	rsbscs	r7, r3, r0, ror r4
 18c:	4950662d 	ldmdbmi	r0, {r0, r2, r3, r5, r9, sl, sp, lr}^
 190:	662d2043 	strtvs	r2, [sp], -r3, asr #32
 194:	732d6f6e 			; <UNDEFINED> instruction: 0x732d6f6e
 198:	6b636174 	blvs	18d8770 <__bss_end__+0x18c72b0>
 19c:	6f72702d 	svcvs	0x0072702d
 1a0:	74636574 	strbtvc	r6, [r3], #-1396	; 0xfffffa8c
 1a4:	5f00726f 	svcpl	0x0000726f
 1a8:	6474735f 	ldrbtvs	r7, [r4], #-863	; 0xfffffca1
 1ac:	5f727265 	svcpl	0x00727265
 1b0:	454c4946 	strbmi	r4, [ip, #-2374]	; 0xfffff6ba
 1b4:	735f5f00 	cmpvc	pc, #0, 30
 1b8:	756f6474 	strbvc	r6, [pc, #-1140]!	; fffffd4c <__bss_end__+0xfffee88c>
 1bc:	49465f74 	stmdbmi	r6, {r2, r4, r5, r6, r8, r9, sl, fp, ip, lr}^
 1c0:	5f00454c 	svcpl	0x0000454c
 1c4:	62696c5f 	rsbvs	r6, r9, #24320	; 0x5f00
 1c8:	65765f63 	ldrbvs	r5, [r6, #-3939]!	; 0xfffff09d
 1cc:	6f697372 	svcvs	0x00697372
 1d0:	682f006e 	stmdavs	pc!, {r1, r2, r3, r5, r6}	; <UNPREDICTABLE>
 1d4:	2f656d6f 	svccs	0x00656d6f
 1d8:	72657375 	rsbvc	r7, r5, #-738197503	; 0xd4000001
 1dc:	65706f2f 	ldrbvs	r6, [r0, #-3887]!	; 0xfffff0d1
 1e0:	7472776e 	ldrbtvc	r7, [r2], #-1902	; 0xfffff892
 1e4:	6975622f 	ldmdbvs	r5!, {r0, r1, r2, r3, r5, r9, sp, lr}^
 1e8:	645f646c 	ldrbvs	r6, [pc], #-1132	; 1f0 <_init-0x2f4>
 1ec:	742f7269 	strtvc	r7, [pc], #-617	; 1f4 <_init-0x2f0>
 1f0:	636c6f6f 	cmnvs	ip, #444	; 0x1bc
 1f4:	6e696168 	powvsez	f6, f1, #0.0
 1f8:	6d72612d 	ldfvse	f6, [r2, #-180]!	; 0xffffff4c
 1fc:	726f635f 	rsbvc	r6, pc, #2080374785	; 0x7c000001
 200:	2d786574 	cfldr64cs	mvdx6, [r8, #-464]!	; 0xfffffe30
 204:	2b353161 	blcs	d4c790 <__bss_end__+0xd3b2d0>
 208:	6e6f656e 	cdpvs	5, 6, cr6, cr15, cr14, {3}
 20c:	7066762d 	rsbvc	r7, r6, sp, lsr #12
 210:	675f3476 			; <UNDEFINED> instruction: 0x675f3476
 214:	382d6363 	stmdacc	sp!, {r0, r1, r5, r6, r8, r9, sp, lr}
 218:	302e342e 	eorcc	r3, lr, lr, lsr #8
 21c:	73756d5f 	cmnvc	r5, #6080	; 0x17c0
 220:	61655f6c 	cmnvs	r5, ip, ror #30
 224:	6d2f6962 			; <UNDEFINED> instruction: 0x6d2f6962
 228:	2d6c7375 	stclcs	3, cr7, [ip, #-468]!	; 0xfffffe2c
 22c:	2e312e31 	mrccs	14, 1, r2, cr1, cr1, {1}
 230:	74003432 	strvc	r3, [r0], #-1074	; 0xfffffbce
 234:	61657268 	cmnvs	r5, r8, ror #4
 238:	00646564 	rsbeq	r6, r4, r4, ror #10
 23c:	6174735f 	cmnvs	r4, pc, asr r3
 240:	635f7472 	cmpvs	pc, #1912602624	; 0x72000000
 244:	72687400 	rsbvc	r7, r8, #0, 8
 248:	73646165 	cmnvc	r4, #1073741849	; 0x40000019
 24c:	6e696d5f 	mcrvs	13, 3, r6, cr9, cr15, {2}
 250:	315f7375 	cmpcc	pc, r5, ror r3	; <UNPREDICTABLE>
 254:	7a697300 	bvc	1a5ce5c <__bss_end__+0x1a4b99c>
 258:	00745f65 	rsbseq	r5, r4, r5, ror #30
 25c:	67616d69 	strbvs	r6, [r1, -r9, ror #26]!
 260:	6f640065 	svcvs	0x00640065
 264:	656c6275 	strbvs	r6, [ip, #-629]!	; 0xfffffd8b
 268:	64747300 	ldrbtvs	r7, [r4], #-768	; 0xfffffd00
 26c:	5f006e69 	svcpl	0x00006e69
 270:	6f72705f 	svcvs	0x0072705f
 274:	6d616e67 	stclvs	14, cr6, [r1, #-412]!	; 0xfffffe64
 278:	6e750065 	cdpvs	0, 7, cr0, cr5, cr5, {3}
 27c:	6e676973 			; <UNDEFINED> instruction: 0x6e676973
 280:	69206465 	stmdbvs	r0!, {r0, r2, r5, r6, sl, sp, lr}
 284:	5f00746e 	svcpl	0x0000746e
 288:	6377685f 	cmnvs	r7, #6225920	; 0x5f0000
 28c:	5f007061 	svcpl	0x00007061
 290:	636f6c5f 	cmnvs	pc, #24320	; 0x5f00
 294:	5f656c61 	svcpl	0x00656c61
 298:	0070616d 	rsbseq	r6, r0, sp, ror #2
 29c:	72616863 	rsbvc	r6, r1, #6488064	; 0x630000
 2a0:	63657300 	cmnvs	r5, #0, 6
 2a4:	00657275 	rsbeq	r7, r5, r5, ror r2
 2a8:	5f736c74 	svcpl	0x00736c74
 2ac:	657a6973 	ldrbvs	r6, [sl, #-2419]!	; 0xfffff68d
 2b0:	736c7400 	cmnvc	ip, #0, 8
 2b4:	696c615f 	stmdbvs	ip!, {r0, r1, r2, r3, r4, r6, r8, sp, lr}^
 2b8:	67006e67 	strvs	r6, [r0, -r7, ror #28]
 2bc:	61626f6c 	cmnvs	r2, ip, ror #30
 2c0:	6f6c5f6c 	svcvs	0x006c5f6c
 2c4:	656c6163 	strbvs	r6, [ip, #-355]!	; 0xfffffe9d
 2c8:	735f5f00 	cmpvc	pc, #0, 30
 2cc:	6e697379 	mcrvs	3, 3, r7, cr9, cr9, {3}
 2d0:	74006f66 	strvc	r6, [r0], #-3942	; 0xfffff09a
 2d4:	685f736c 	ldmdavs	pc, {r2, r3, r5, r6, r8, r9, ip, sp, lr}^	; <UNPREDICTABLE>
 2d8:	00646165 	rsbeq	r6, r4, r5, ror #2
 2dc:	676e6f6c 	strbvs	r6, [lr, -ip, ror #30]!
 2e0:	6e6f6c20 	cdpvs	12, 6, cr6, cr15, cr0, {1}
 2e4:	6e692067 	cdpvs	0, 6, cr2, cr9, cr7, {3}
 2e8:	666f0074 			; <UNDEFINED> instruction: 0x666f0074
 2ec:	74657366 	strbtvc	r7, [r5], #-870	; 0xfffffc9a
 2f0:	705f5f00 	subsvc	r5, pc, r0, lsl #30
 2f4:	6e676f72 	mcrvs	15, 3, r6, cr7, cr2, {3}
 2f8:	5f656d61 	svcpl	0x00656d61
 2fc:	6c6c7566 	cfstr64vs	mvdx7, [ip], #-408	; 0xfffffe68
 300:	67726100 	ldrbvs	r6, [r2, -r0, lsl #2]!
 304:	75610063 	strbvc	r0, [r1, #-99]!	; 0xffffff9d
 308:	5f007678 	svcpl	0x00007678
 30c:	636f6c5f 	cmnvs	pc, #24320	; 0x5f00
 310:	5f656c61 	svcpl	0x00656c61
 314:	75727473 	ldrbvc	r7, [r2, #-1139]!	; 0xfffffb8d
 318:	5f007463 	svcpl	0x00007463
 31c:	62696c5f 	rsbvs	r6, r9, #24320	; 0x5f00
 320:	74735f63 	ldrbtvc	r5, [r3], #-3939	; 0xfffff09d
 324:	5f747261 	svcpl	0x00747261
 328:	6e69616d 	powvsez	f6, f1, #5.0
 32c:	78656e00 	stmdavc	r5!, {r9, sl, fp, sp, lr}^
 330:	6c740074 	ldclvs	0, cr0, [r4], #-464	; 0xfffffe30
 334:	6f6d5f73 	svcvs	0x006d5f73
 338:	656c7564 	strbvs	r7, [ip, #-1380]!	; 0xfffffa9c
 33c:	67617000 	strbvs	r7, [r1, -r0]!
 340:	69735f65 	ldmdbvs	r3!, {r0, r2, r5, r6, r8, r9, sl, fp, ip, lr}^
 344:	6300657a 	movwvs	r6, #1402	; 0x57a
 348:	612f7472 			; <UNDEFINED> instruction: 0x612f7472
 34c:	632f6d72 			; <UNDEFINED> instruction: 0x632f6d72
 350:	2e697472 	mcrcs	4, 3, r7, cr9, cr2, {3}
 354:	4e470073 	mcrmi	0, 2, r0, cr7, cr3, {3}
 358:	53412055 	movtpl	r2, #4181	; 0x1055
 35c:	332e3220 			; <UNDEFINED> instruction: 0x332e3220
 360:	00312e31 	eorseq	r2, r1, r1, lsr lr
 364:	2f747263 	svccs	0x00747263
 368:	2f6d7261 	svccs	0x006d7261
 36c:	6e747263 	cdpvs	2, 7, cr7, cr4, cr3, {3}
 370:	Address 0x0000000000000370 is out of bounds.


Disassembly of section .debug_loc:

00000000 <.debug_loc>:
   0:	00000000 	andeq	r0, r0, r0
   4:	05d40000 	ldrbeq	r0, [r4]
   8:	061c0000 	ldreq	r0, [ip], -r0
   c:	00010000 	andeq	r0, r1, r0
  10:	00061c50 	andeq	r1, r6, r0, asr ip
  14:	00061f00 	andeq	r1, r6, r0, lsl #30
  18:	72000300 	andvc	r0, r0, #0, 6
  1c:	061f9f7c 	ssub16eq	r9, pc, ip	; <UNPREDICTABLE>
  20:	06380000 	ldrteq	r0, [r8], -r0
  24:	00040000 	andeq	r0, r4, r0
  28:	9f5001f3 	svcls	0x005001f3
	...
  34:	05d40002 	ldrbeq	r0, [r4, #2]
  38:	06000000 	streq	r0, [r0], -r0
  3c:	00020000 	andeq	r0, r2, r0
  40:	00000070 	andeq	r0, r0, r0, ror r0
  44:	00000000 	andeq	r0, r0, r0
  48:	00030000 	andeq	r0, r3, r0
  4c:	00000000 	andeq	r0, r0, r0
  50:	000005d4 	ldrdeq	r0, [r0], -r4
  54:	0000060c 	andeq	r0, r0, ip, lsl #12
  58:	04700003 	ldrbteq	r0, [r0], #-3
  5c:	00060c9f 	muleq	r6, pc, ip	; <UNPREDICTABLE>
  60:	00061f00 	andeq	r1, r6, r0, lsl #30
  64:	52000100 	andpl	r0, r0, #0, 2
  68:	0000061f 	andeq	r0, r0, pc, lsl r6
  6c:	00000638 	andeq	r0, r0, r8, lsr r6
  70:	01f30006 	mvnseq	r0, r6
  74:	9f042350 	svcls	0x00042350
	...

Disassembly of section .debug_ranges:

00000000 <.debug_ranges>:
   0:	000005d4 	ldrdeq	r0, [r0], -r4
   4:	00000638 	andeq	r0, r0, r8, lsr r6
	...
  10:	ffffffff 			; <UNDEFINED> instruction: 0xffffffff
  14:	00000000 	andeq	r0, r0, r0
  18:	000004e4 	andeq	r0, r0, r4, ror #9
  1c:	000004e8 	andeq	r0, r0, r8, ror #9
  20:	00000a7c 	andeq	r0, r0, ip, ror sl
  24:	00000a80 	andeq	r0, r0, r0, lsl #21
	...
  30:	ffffffff 			; <UNDEFINED> instruction: 0xffffffff
  34:	00000000 	andeq	r0, r0, r0
  38:	000004e8 	andeq	r0, r0, r8, ror #9
  3c:	000004f0 	strdeq	r0, [r0], -r0	; <UNPREDICTABLE>
  40:	00000a80 	andeq	r0, r0, r0, lsl #21
  44:	00000a88 	andeq	r0, r0, r8, lsl #21
	...
